âœ… CSV-bestand gegenereerd: /home/larsg/projects/data-workflow/transformed_data/combined.csv
Traceback (most recent call last):
  File "/home/larsg/projects/data-workflow/scripts/analyze_data.py", line 4, in <module>
    import pandas as pd
ModuleNotFoundError: No module named 'pandas'
Traceback (most recent call last):
  File "/home/larsg/projects/data-workflow/scripts/generate_report.py", line 1, in <module>
    import pandas as pd
ModuleNotFoundError: No module named 'pandas'
On branch main
Your branch is up to date with 'origin/main'.

Changes not staged for commit:
  (use "git add <file>..." to update what will be committed)
  (use "git restore <file>..." to discard changes in working directory)
	modified:   logs/cron_test.log
	modified:   scripts/analyze_data.py

Untracked files:
  (use "git add <file>..." to include in what will be committed)
	logs/cron.log
	venv/lib/python3.12/site-packages/__pycache__/threadpoolctl.cpython-312.pyc
	venv/lib/python3.12/site-packages/joblib-1.5.2.dist-info/
	venv/lib/python3.12/site-packages/joblib/
	venv/lib/python3.12/site-packages/scikit_learn-1.7.2.dist-info/
	venv/lib/python3.12/site-packages/scikit_learn.libs/
	venv/lib/python3.12/site-packages/scipy-1.16.3.dist-info/
	venv/lib/python3.12/site-packages/scipy.libs/
	venv/lib/python3.12/site-packages/scipy/
	venv/lib/python3.12/site-packages/sklearn/
	venv/lib/python3.12/site-packages/threadpoolctl-3.6.0.dist-info/
	venv/lib/python3.12/site-packages/threadpoolctl.py

no changes added to commit (use "git add" and/or "git commit -a")
Everything up-to-date
âœ… CSV-bestand gegenereerd: /home/larsg/projects/data-workflow/transformed_data/combined.csv
Traceback (most recent call last):
  File "/home/larsg/projects/data-workflow/scripts/analyze_data.py", line 4, in <module>
    import pandas as pd
ModuleNotFoundError: No module named 'pandas'
Traceback (most recent call last):
  File "/home/larsg/projects/data-workflow/scripts/generate_report.py", line 1, in <module>
    import pandas as pd
ModuleNotFoundError: No module named 'pandas'
On branch main
Your branch is up to date with 'origin/main'.

Changes not staged for commit:
  (use "git add <file>..." to update what will be committed)
  (use "git restore <file>..." to discard changes in working directory)
	modified:   logs/cron_test.log
	modified:   scripts/analyze_data.py

Untracked files:
  (use "git add <file>..." to include in what will be committed)
	logs/cron.log
	venv/lib/python3.12/site-packages/__pycache__/threadpoolctl.cpython-312.pyc
	venv/lib/python3.12/site-packages/joblib-1.5.2.dist-info/
	venv/lib/python3.12/site-packages/joblib/
	venv/lib/python3.12/site-packages/scikit_learn-1.7.2.dist-info/
	venv/lib/python3.12/site-packages/scikit_learn.libs/
	venv/lib/python3.12/site-packages/scipy-1.16.3.dist-info/
	venv/lib/python3.12/site-packages/scipy.libs/
	venv/lib/python3.12/site-packages/scipy/
	venv/lib/python3.12/site-packages/sklearn/
	venv/lib/python3.12/site-packages/threadpoolctl-3.6.0.dist-info/
	venv/lib/python3.12/site-packages/threadpoolctl.py

no changes added to commit (use "git add" and/or "git commit -a")
Everything up-to-date
âœ… CSV-bestand gegenereerd: /home/larsg/projects/data-workflow/transformed_data/combined.csv
Traceback (most recent call last):
  File "/home/larsg/projects/data-workflow/scripts/analyze_data.py", line 4, in <module>
    import pandas as pd
ModuleNotFoundError: No module named 'pandas'
Traceback (most recent call last):
  File "/home/larsg/projects/data-workflow/scripts/generate_report.py", line 1, in <module>
    import pandas as pd
ModuleNotFoundError: No module named 'pandas'
On branch main
Your branch is up to date with 'origin/main'.

Changes not staged for commit:
  (use "git add <file>..." to update what will be committed)
  (use "git restore <file>..." to discard changes in working directory)
	modified:   logs/cron_test.log
	modified:   scripts/analyze_data.py

Untracked files:
  (use "git add <file>..." to include in what will be committed)
	logs/cron.log
	venv/lib/python3.12/site-packages/__pycache__/threadpoolctl.cpython-312.pyc
	venv/lib/python3.12/site-packages/joblib-1.5.2.dist-info/
	venv/lib/python3.12/site-packages/joblib/
	venv/lib/python3.12/site-packages/scikit_learn-1.7.2.dist-info/
	venv/lib/python3.12/site-packages/scikit_learn.libs/
	venv/lib/python3.12/site-packages/scipy-1.16.3.dist-info/
	venv/lib/python3.12/site-packages/scipy.libs/
	venv/lib/python3.12/site-packages/scipy/
	venv/lib/python3.12/site-packages/sklearn/
	venv/lib/python3.12/site-packages/threadpoolctl-3.6.0.dist-info/
	venv/lib/python3.12/site-packages/threadpoolctl.py

no changes added to commit (use "git add" and/or "git commit -a")
Everything up-to-date
âœ… CSV-bestand gegenereerd: /home/larsg/projects/data-workflow/transformed_data/combined.csv
Traceback (most recent call last):
  File "/home/larsg/projects/data-workflow/scripts/analyze_data.py", line 4, in <module>
    import pandas as pd
ModuleNotFoundError: No module named 'pandas'
Traceback (most recent call last):
  File "/home/larsg/projects/data-workflow/scripts/generate_report.py", line 1, in <module>
    import pandas as pd
ModuleNotFoundError: No module named 'pandas'
On branch main
Your branch is up to date with 'origin/main'.

Changes not staged for commit:
  (use "git add <file>..." to update what will be committed)
  (use "git restore <file>..." to discard changes in working directory)
	modified:   logs/cron_test.log
	modified:   scripts/analyze_data.py

Untracked files:
  (use "git add <file>..." to include in what will be committed)
	logs/cron.log
	venv/lib/python3.12/site-packages/__pycache__/threadpoolctl.cpython-312.pyc
	venv/lib/python3.12/site-packages/joblib-1.5.2.dist-info/
	venv/lib/python3.12/site-packages/joblib/
	venv/lib/python3.12/site-packages/scikit_learn-1.7.2.dist-info/
	venv/lib/python3.12/site-packages/scikit_learn.libs/
	venv/lib/python3.12/site-packages/scipy-1.16.3.dist-info/
	venv/lib/python3.12/site-packages/scipy.libs/
	venv/lib/python3.12/site-packages/scipy/
	venv/lib/python3.12/site-packages/sklearn/
	venv/lib/python3.12/site-packages/threadpoolctl-3.6.0.dist-info/
	venv/lib/python3.12/site-packages/threadpoolctl.py

no changes added to commit (use "git add" and/or "git commit -a")
Everything up-to-date
âœ… CSV-bestand gegenereerd: /home/larsg/projects/data-workflow/transformed_data/combined.csv
Traceback (most recent call last):
  File "/home/larsg/projects/data-workflow/scripts/analyze_data.py", line 4, in <module>
    import pandas as pd
ModuleNotFoundError: No module named 'pandas'
Traceback (most recent call last):
  File "/home/larsg/projects/data-workflow/scripts/generate_report.py", line 1, in <module>
    import pandas as pd
ModuleNotFoundError: No module named 'pandas'
On branch main
Your branch is up to date with 'origin/main'.

Changes not staged for commit:
  (use "git add <file>..." to update what will be committed)
  (use "git restore <file>..." to discard changes in working directory)
	modified:   logs/cron_test.log
	modified:   scripts/analyze_data.py

Untracked files:
  (use "git add <file>..." to include in what will be committed)
	logs/cron.log
	venv/lib/python3.12/site-packages/__pycache__/threadpoolctl.cpython-312.pyc
	venv/lib/python3.12/site-packages/joblib-1.5.2.dist-info/
	venv/lib/python3.12/site-packages/joblib/
	venv/lib/python3.12/site-packages/scikit_learn-1.7.2.dist-info/
	venv/lib/python3.12/site-packages/scikit_learn.libs/
	venv/lib/python3.12/site-packages/scipy-1.16.3.dist-info/
	venv/lib/python3.12/site-packages/scipy.libs/
	venv/lib/python3.12/site-packages/scipy/
	venv/lib/python3.12/site-packages/sklearn/
	venv/lib/python3.12/site-packages/threadpoolctl-3.6.0.dist-info/
	venv/lib/python3.12/site-packages/threadpoolctl.py

no changes added to commit (use "git add" and/or "git commit -a")
Everything up-to-date
âœ… CSV-bestand gegenereerd: /home/larsg/projects/data-workflow/transformed_data/combined.csv
Traceback (most recent call last):
  File "/home/larsg/projects/data-workflow/scripts/analyze_data.py", line 4, in <module>
    import pandas as pd
ModuleNotFoundError: No module named 'pandas'
Traceback (most recent call last):
  File "/home/larsg/projects/data-workflow/scripts/generate_report.py", line 1, in <module>
    import pandas as pd
ModuleNotFoundError: No module named 'pandas'
On branch main
Your branch is up to date with 'origin/main'.

Changes not staged for commit:
  (use "git add <file>..." to update what will be committed)
  (use "git restore <file>..." to discard changes in working directory)
	modified:   logs/cron_test.log
	modified:   scripts/analyze_data.py

Untracked files:
  (use "git add <file>..." to include in what will be committed)
	logs/cron.log
	venv/lib/python3.12/site-packages/__pycache__/threadpoolctl.cpython-312.pyc
	venv/lib/python3.12/site-packages/joblib-1.5.2.dist-info/
	venv/lib/python3.12/site-packages/joblib/
	venv/lib/python3.12/site-packages/scikit_learn-1.7.2.dist-info/
	venv/lib/python3.12/site-packages/scikit_learn.libs/
	venv/lib/python3.12/site-packages/scipy-1.16.3.dist-info/
	venv/lib/python3.12/site-packages/scipy.libs/
	venv/lib/python3.12/site-packages/scipy/
	venv/lib/python3.12/site-packages/sklearn/
	venv/lib/python3.12/site-packages/threadpoolctl-3.6.0.dist-info/
	venv/lib/python3.12/site-packages/threadpoolctl.py

no changes added to commit (use "git add" and/or "git commit -a")
Everything up-to-date
âœ… CSV-bestand gegenereerd: /home/larsg/projects/data-workflow/transformed_data/combined.csv
Traceback (most recent call last):
  File "/home/larsg/projects/data-workflow/scripts/analyze_data.py", line 4, in <module>
    import pandas as pd
ModuleNotFoundError: No module named 'pandas'
Traceback (most recent call last):
  File "/home/larsg/projects/data-workflow/scripts/generate_report.py", line 1, in <module>
    import pandas as pd
ModuleNotFoundError: No module named 'pandas'
On branch main
Your branch is up to date with 'origin/main'.

Changes not staged for commit:
  (use "git add <file>..." to update what will be committed)
  (use "git restore <file>..." to discard changes in working directory)
	modified:   logs/cron_test.log
	modified:   scripts/analyze_data.py

Untracked files:
  (use "git add <file>..." to include in what will be committed)
	logs/cron.log
	venv/lib/python3.12/site-packages/__pycache__/threadpoolctl.cpython-312.pyc
	venv/lib/python3.12/site-packages/joblib-1.5.2.dist-info/
	venv/lib/python3.12/site-packages/joblib/
	venv/lib/python3.12/site-packages/scikit_learn-1.7.2.dist-info/
	venv/lib/python3.12/site-packages/scikit_learn.libs/
	venv/lib/python3.12/site-packages/scipy-1.16.3.dist-info/
	venv/lib/python3.12/site-packages/scipy.libs/
	venv/lib/python3.12/site-packages/scipy/
	venv/lib/python3.12/site-packages/sklearn/
	venv/lib/python3.12/site-packages/threadpoolctl-3.6.0.dist-info/
	venv/lib/python3.12/site-packages/threadpoolctl.py

no changes added to commit (use "git add" and/or "git commit -a")
Everything up-to-date
âœ… CSV-bestand gegenereerd: /home/larsg/projects/data-workflow/transformed_data/combined.csv
Traceback (most recent call last):
  File "/home/larsg/projects/data-workflow/scripts/analyze_data.py", line 4, in <module>
    import pandas as pd
ModuleNotFoundError: No module named 'pandas'
Traceback (most recent call last):
  File "/home/larsg/projects/data-workflow/scripts/generate_report.py", line 1, in <module>
    import pandas as pd
ModuleNotFoundError: No module named 'pandas'
On branch main
Your branch is up to date with 'origin/main'.

Changes not staged for commit:
  (use "git add <file>..." to update what will be committed)
  (use "git restore <file>..." to discard changes in working directory)
	modified:   logs/cron_test.log
	modified:   scripts/analyze_data.py

Untracked files:
  (use "git add <file>..." to include in what will be committed)
	logs/cron.log
	venv/lib/python3.12/site-packages/__pycache__/threadpoolctl.cpython-312.pyc
	venv/lib/python3.12/site-packages/joblib-1.5.2.dist-info/
	venv/lib/python3.12/site-packages/joblib/
	venv/lib/python3.12/site-packages/scikit_learn-1.7.2.dist-info/
	venv/lib/python3.12/site-packages/scikit_learn.libs/
	venv/lib/python3.12/site-packages/scipy-1.16.3.dist-info/
	venv/lib/python3.12/site-packages/scipy.libs/
	venv/lib/python3.12/site-packages/scipy/
	venv/lib/python3.12/site-packages/sklearn/
	venv/lib/python3.12/site-packages/threadpoolctl-3.6.0.dist-info/
	venv/lib/python3.12/site-packages/threadpoolctl.py

no changes added to commit (use "git add" and/or "git commit -a")
Everything up-to-date
âœ… CSV-bestand gegenereerd: /home/larsg/projects/data-workflow/transformed_data/combined.csv
Traceback (most recent call last):
  File "/home/larsg/projects/data-workflow/scripts/analyze_data.py", line 4, in <module>
    import pandas as pd
ModuleNotFoundError: No module named 'pandas'
Traceback (most recent call last):
  File "/home/larsg/projects/data-workflow/scripts/generate_report.py", line 1, in <module>
    import pandas as pd
ModuleNotFoundError: No module named 'pandas'
On branch main
Your branch is up to date with 'origin/main'.

Changes not staged for commit:
  (use "git add <file>..." to update what will be committed)
  (use "git restore <file>..." to discard changes in working directory)
	modified:   logs/cron_test.log
	modified:   scripts/analyze_data.py

Untracked files:
  (use "git add <file>..." to include in what will be committed)
	logs/cron.log
	venv/lib/python3.12/site-packages/__pycache__/threadpoolctl.cpython-312.pyc
	venv/lib/python3.12/site-packages/joblib-1.5.2.dist-info/
	venv/lib/python3.12/site-packages/joblib/
	venv/lib/python3.12/site-packages/scikit_learn-1.7.2.dist-info/
	venv/lib/python3.12/site-packages/scikit_learn.libs/
	venv/lib/python3.12/site-packages/scipy-1.16.3.dist-info/
	venv/lib/python3.12/site-packages/scipy.libs/
	venv/lib/python3.12/site-packages/scipy/
	venv/lib/python3.12/site-packages/sklearn/
	venv/lib/python3.12/site-packages/threadpoolctl-3.6.0.dist-info/
	venv/lib/python3.12/site-packages/threadpoolctl.py

no changes added to commit (use "git add" and/or "git commit -a")
Everything up-to-date
âœ… CSV-bestand gegenereerd: /home/larsg/projects/data-workflow/transformed_data/combined.csv
Traceback (most recent call last):
  File "/home/larsg/projects/data-workflow/scripts/analyze_data.py", line 4, in <module>
    import pandas as pd
ModuleNotFoundError: No module named 'pandas'
Traceback (most recent call last):
  File "/home/larsg/projects/data-workflow/scripts/generate_report.py", line 1, in <module>
    import pandas as pd
ModuleNotFoundError: No module named 'pandas'
On branch main
Your branch is up to date with 'origin/main'.

Changes not staged for commit:
  (use "git add <file>..." to update what will be committed)
  (use "git restore <file>..." to discard changes in working directory)
	modified:   logs/cron_test.log
	modified:   scripts/analyze_data.py

Untracked files:
  (use "git add <file>..." to include in what will be committed)
	logs/cron.log
	venv/lib/python3.12/site-packages/__pycache__/threadpoolctl.cpython-312.pyc
	venv/lib/python3.12/site-packages/joblib-1.5.2.dist-info/
	venv/lib/python3.12/site-packages/joblib/
	venv/lib/python3.12/site-packages/scikit_learn-1.7.2.dist-info/
	venv/lib/python3.12/site-packages/scikit_learn.libs/
	venv/lib/python3.12/site-packages/scipy-1.16.3.dist-info/
	venv/lib/python3.12/site-packages/scipy.libs/
	venv/lib/python3.12/site-packages/scipy/
	venv/lib/python3.12/site-packages/sklearn/
	venv/lib/python3.12/site-packages/threadpoolctl-3.6.0.dist-info/
	venv/lib/python3.12/site-packages/threadpoolctl.py

no changes added to commit (use "git add" and/or "git commit -a")
Everything up-to-date
âœ… CSV-bestand gegenereerd: /home/larsg/projects/data-workflow/transformed_data/combined.csv
ðŸ“Š Gegevens ingelezen:
                   timestamp  temperature  avg_free_bikes
0  2025-11-13T11:00:02+01:00         13.6        0.956443
1  2025-11-13T12:00:03+01:00         14.1        0.952813
2  2025-11-13T14:00:01+01:00         14.1        0.972777
3  2025-11-13T15:00:02+01:00         14.7        0.969203
4  2025-11-13T15:49:51+01:00         14.9        0.974638

ðŸ“ˆ Statistieken:
Gemiddelde temperatuur: 14.38 Â°C
Gemiddeld aantal vrije fietsen: 0.97
Correlatie tussen temperatuur en vrije fietsen: 0.75
Mean Squared Error (MSE): 0.0000

ðŸ“ Grafiek opgeslagen in: /home/larsg/projects/data-workflow/reports/fiets_vs_temp.png
[main 45b1476] Automatische update 2025-11-13 15:50:04
 5 files changed, 6 insertions(+), 3 deletions(-)
 create mode 100644 raw_data/bikes-20251113-155001.json
 create mode 100644 raw_data/weather-20251113-155001.json
To github.com:LarsGeirnaert/hogenttin-linux-2526-LarsGeirnaert.git
   8fe6ad7..45b1476  main -> main
âœ… CSV-bestand gegenereerd: /home/larsg/projects/data-workflow/transformed_data/combined.csv
ðŸ“Š Gegevens ingelezen:
                   timestamp  temperature  avg_free_bikes
0  2025-11-13T11:00:02+01:00         13.6        0.956443
1  2025-11-13T12:00:03+01:00         14.1        0.952813
2  2025-11-13T14:00:01+01:00         14.1        0.972777
3  2025-11-13T15:00:02+01:00         14.7        0.969203
4  2025-11-13T15:49:51+01:00         14.9        0.974638

ðŸ“ˆ Statistieken:
Gemiddelde temperatuur: 14.46 Â°C
Gemiddeld aantal vrije fietsen: 0.97
Correlatie tussen temperatuur en vrije fietsen: 0.78
Mean Squared Error (MSE): 0.0000

ðŸ“ Grafiek opgeslagen in: /home/larsg/projects/data-workflow/reports/fiets_vs_temp.png
[main cd0d390] Automatische update 2025-11-13 15:52:06
 5 files changed, 6 insertions(+), 3 deletions(-)
 create mode 100644 raw_data/bikes-20251113-155201.json
 create mode 100644 raw_data/weather-20251113-155201.json
git@github.com: Permission denied (publickey).
fatal: Could not read from remote repository.

Please make sure you have the correct access rights
and the repository exists.
âœ… CSV-bestand gegenereerd: /home/larsg/projects/data-workflow/transformed_data/combined.csv
ðŸ“Š Gegevens ingelezen:
                   timestamp  temperature  avg_free_bikes
0  2025-11-13T11:00:02+01:00         13.6        0.956443
1  2025-11-13T12:00:03+01:00         14.1        0.952813
2  2025-11-13T14:00:01+01:00         14.1        0.972777
3  2025-11-13T15:00:02+01:00         14.7        0.969203
4  2025-11-13T15:49:51+01:00         14.9        0.974638

ðŸ“ˆ Statistieken:
Gemiddelde temperatuur: 14.51 Â°C
Gemiddeld aantal vrije fietsen: 0.97
Correlatie tussen temperatuur en vrije fietsen: 0.80
Mean Squared Error (MSE): 0.0000

ðŸ“ Grafiek opgeslagen in: /home/larsg/projects/data-workflow/reports/fiets_vs_temp.png
[main 1623ca7] Automatische update 2025-11-13 15:54:05
 5 files changed, 6 insertions(+), 3 deletions(-)
 create mode 100644 raw_data/bikes-20251113-155401.json
 create mode 100644 raw_data/weather-20251113-155401.json
git@github.com: Permission denied (publickey).
fatal: Could not read from remote repository.

Please make sure you have the correct access rights
and the repository exists.
âœ… CSV-bestand gegenereerd: /home/larsg/projects/data-workflow/transformed_data/combined.csv
ðŸ“Š Gegevens ingelezen:
                   timestamp  temperature  avg_free_bikes
0  2025-11-13T11:00:02+01:00         13.6        0.956443
1  2025-11-13T12:00:03+01:00         14.1        0.952813
2  2025-11-13T14:00:01+01:00         14.1        0.972777
3  2025-11-13T15:00:02+01:00         14.7        0.969203
4  2025-11-13T15:49:51+01:00         14.9        0.974638

ðŸ“ˆ Statistieken:
Gemiddelde temperatuur: 14.59 Â°C
Gemiddeld aantal vrije fietsen: 0.97
Correlatie tussen temperatuur en vrije fietsen: 0.82
Mean Squared Error (MSE): 0.0000

ðŸ“ Grafiek opgeslagen in: /home/larsg/projects/data-workflow/reports/fiets_vs_temp.png
[main 417be5c] Automatische update 2025-11-13 15:56:05
 5 files changed, 6 insertions(+), 3 deletions(-)
 create mode 100644 raw_data/bikes-20251113-155601.json
 create mode 100644 raw_data/weather-20251113-155601.json
git@github.com: Permission denied (publickey).
fatal: Could not read from remote repository.

Please make sure you have the correct access rights
and the repository exists.
âœ… CSV-bestand gegenereerd: /home/larsg/projects/data-workflow/transformed_data/combined.csv
ðŸ“Š Gegevens ingelezen:
                   timestamp  temperature  avg_free_bikes
0  2025-11-13T11:00:02+01:00         13.6        0.956443
1  2025-11-13T12:00:03+01:00         14.1        0.952813
2  2025-11-13T14:00:01+01:00         14.1        0.972777
3  2025-11-13T15:00:02+01:00         14.7        0.969203

ðŸ“ˆ Statistieken:
Gemiddelde temperatuur: 14.12 Â°C
Gemiddeld aantal vrije fietsen: 0.96
Correlatie tussen temperatuur en vrije fietsen: 0.54
Mean Squared Error (MSE): 0.0000

ðŸ“ Grafiek opgeslagen in: /home/larsg/projects/data-workflow/reports/fiets_vs_temp.png
[main 17b8d46] Automatische update 2025-11-13 16:00:03
 15 files changed, 4 insertions(+), 22 deletions(-)
 delete mode 100644 raw_data/bikes-20251113-154951.json
 delete mode 100644 raw_data/bikes-20251113-155001.json
 delete mode 100644 raw_data/bikes-20251113-155201.json
 delete mode 100644 raw_data/bikes-20251113-155401.json
 delete mode 100644 raw_data/bikes-20251113-155447.json
 delete mode 100644 raw_data/bikes-20251113-155601.json
 delete mode 100644 raw_data/weather-20251113-154951.json
 delete mode 100644 raw_data/weather-20251113-155001.json
 delete mode 100644 raw_data/weather-20251113-155201.json
 delete mode 100644 raw_data/weather-20251113-155401.json
 delete mode 100644 raw_data/weather-20251113-155447.json
 delete mode 100644 raw_data/weather-20251113-155601.json
git@github.com: Permission denied (publickey).
fatal: Could not read from remote repository.

Please make sure you have the correct access rights
and the repository exists.
âœ… CSV-bestand gegenereerd: /home/larsg/projects/data-workflow/transformed_data/combined.csv
ðŸ“Š Gegevens ingelezen:
                   timestamp  temperature  avg_free_bikes
0  2025-11-13T11:00:02+01:00         13.6        0.956443
1  2025-11-13T12:00:03+01:00         14.1        0.952813
2  2025-11-13T14:00:01+01:00         14.1        0.972777
3  2025-11-13T15:00:02+01:00         14.7        0.969203

ðŸ“ˆ Statistieken:
Gemiddelde temperatuur: 14.12 Â°C
Gemiddeld aantal vrije fietsen: 0.96
Correlatie tussen temperatuur en vrije fietsen: 0.54
Mean Squared Error (MSE): 0.0000

ðŸ“ Grafiek opgeslagen in: /home/larsg/projects/data-workflow/reports/fiets_vs_temp.png
[main a35ee2c] Automatische update 2025-11-13 16:04:04
 1 file changed, 1 insertion(+), 1 deletion(-)
To github.com:LarsGeirnaert/hogenttin-linux-2526-LarsGeirnaert.git
   540aa53..a35ee2c  main -> main
âœ… CSV-bestand gegenereerd: /home/larsg/projects/data-workflow/transformed_data/combined.csv
ðŸ“Š Gegevens ingelezen:
                   timestamp  temperature  avg_free_bikes
0  2025-11-13T11:00:02+01:00         13.6        0.956443
1  2025-11-13T12:00:03+01:00         14.1        0.952813
2  2025-11-13T14:00:01+01:00         14.1        0.972777
3  2025-11-13T15:00:02+01:00         14.7        0.969203

ðŸ“ˆ Statistieken:
Gemiddelde temperatuur: 14.12 Â°C
Gemiddeld aantal vrije fietsen: 0.96
Correlatie tussen temperatuur en vrije fietsen: 0.54
Mean Squared Error (MSE): 0.0000

ðŸ“ Grafiek opgeslagen in: /home/larsg/projects/data-workflow/reports/fiets_vs_temp.png
[main 3bf6dde] Automatische update 2025-11-13 16:05:04
 1 file changed, 1 insertion(+), 1 deletion(-)
To github.com:LarsGeirnaert/hogenttin-linux-2526-LarsGeirnaert.git
   a35ee2c..3bf6dde  main -> main
âœ… CSV-bestand gegenereerd: /home/larsg/projects/data-workflow/transformed_data/combined.csv
ðŸ“Š Gegevens ingelezen:
                   timestamp  temperature  avg_free_bikes
0  2025-11-13T11:00:02+01:00         13.6        0.956443
1  2025-11-13T12:00:03+01:00         14.1        0.952813
2  2025-11-13T14:00:01+01:00         14.1        0.972777
3  2025-11-13T15:00:02+01:00         14.7        0.969203

ðŸ“ˆ Statistieken:
Gemiddelde temperatuur: 14.12 Â°C
Gemiddeld aantal vrije fietsen: 0.96
Correlatie tussen temperatuur en vrije fietsen: 0.54
Mean Squared Error (MSE): 0.0000

ðŸ“ Grafiek opgeslagen in: /home/larsg/projects/data-workflow/reports/fiets_vs_temp.png
[main cd531ba] Automatische update 2025-11-13 16:06:04
 1 file changed, 1 insertion(+), 1 deletion(-)
To github.com:LarsGeirnaert/hogenttin-linux-2526-LarsGeirnaert.git
   3bf6dde..cd531ba  main -> main
âœ… CSV-bestand gegenereerd: /home/larsg/projects/data-workflow/transformed_data/combined.csv
ðŸ“Š Gegevens ingelezen:
                   timestamp  temperature  avg_free_bikes
0  2025-11-13T11:00:02+01:00         13.6        0.956443
1  2025-11-13T12:00:03+01:00         14.1        0.952813
2  2025-11-13T14:00:01+01:00         14.1        0.972777
3  2025-11-13T15:00:02+01:00         14.7        0.969203

ðŸ“ˆ Statistieken:
Gemiddelde temperatuur: 14.12 Â°C
Gemiddeld aantal vrije fietsen: 0.96
Correlatie tussen temperatuur en vrije fietsen: 0.54
Mean Squared Error (MSE): 0.0000

ðŸ“ Grafiek opgeslagen in: /home/larsg/projects/data-workflow/reports/fiets_vs_temp.png
[main 7815ed8] Automatische update 2025-11-13 16:07:04
 1 file changed, 1 insertion(+), 1 deletion(-)
To github.com:LarsGeirnaert/hogenttin-linux-2526-LarsGeirnaert.git
   cd531ba..7815ed8  main -> main
/home/larsg/projects/data-workflow/venv/bin/python: can't open file '/home/larsg/projects/data-workflow/scripts/run_workflow.py': [Errno 2] No such file or directory
/home/larsg/projects/data-workflow/venv/bin/python: can't open file '/home/larsg/projects/data-workflow/scripts/run_workflow.py': [Errno 2] No such file or directory
âœ… CSV-bestand gegenereerd: /home/larsg/projects/data-workflow/transformed_data/combined.csv
ðŸ“Š Gegevens ingelezen:
                   timestamp  temperature  avg_free_bikes
0  2025-11-13T11:00:02+01:00         13.6        0.956443
1  2025-11-13T12:00:03+01:00         14.1        0.952813
2  2025-11-13T14:00:01+01:00         14.1        0.972777
3  2025-11-13T15:00:02+01:00         14.7        0.969203
4  2025-11-13T16:30:02+01:00         14.6        0.990942

ðŸ“ˆ Statistieken:
Gemiddelde temperatuur: 14.22 Â°C
Gemiddeld aantal vrije fietsen: 0.97
Correlatie tussen temperatuur en vrije fietsen: 0.66
Mean Squared Error (MSE): 0.0001

ðŸ“ Grafiek opgeslagen in: /home/larsg/projects/data-workflow/reports/fiets_vs_temp.png
âœ… CSV-bestand gegenereerd: /home/larsg/projects/data-workflow/transformed_data/combined.csv
ðŸ“Š Gegevens ingelezen:
                   timestamp  temperature  avg_free_bikes
0  2025-11-13T11:00:02+01:00         13.6        0.956443
1  2025-11-13T12:00:03+01:00         14.1        0.952813
2  2025-11-13T14:00:01+01:00         14.1        0.972777
3  2025-11-13T15:00:02+01:00         14.7        0.969203
4  2025-11-13T16:30:02+01:00         14.6        0.990942

ðŸ“ˆ Statistieken:
Gemiddelde temperatuur: 14.28 Â°C
Gemiddeld aantal vrije fietsen: 0.97
Correlatie tussen temperatuur en vrije fietsen: 0.71
Mean Squared Error (MSE): 0.0001

ðŸ“ Grafiek opgeslagen in: /home/larsg/projects/data-workflow/reports/fiets_vs_temp.png
âœ… CSV-bestand gegenereerd: /home/larsg/projects/data-workflow/transformed_data/combined.csv
ðŸ“Š Gegevens ingelezen:
                   timestamp  temperature  avg_free_bikes
0  2025-11-13T11:00:02+01:00         13.6        0.956443
1  2025-11-13T12:00:03+01:00         14.1        0.952813
2  2025-11-13T14:00:01+01:00         14.1        0.972777
3  2025-11-13T15:00:02+01:00         14.7        0.969203
4  2025-11-13T16:30:02+01:00         14.6        0.990942

ðŸ“ˆ Statistieken:
Gemiddelde temperatuur: 14.33 Â°C
Gemiddeld aantal vrije fietsen: 0.97
Correlatie tussen temperatuur en vrije fietsen: 0.74
Mean Squared Error (MSE): 0.0001

ðŸ“ Grafiek opgeslagen in: /home/larsg/projects/data-workflow/reports/fiets_vs_temp.png
âœ… CSV-bestand gegenereerd: /home/larsg/projects/data-workflow/transformed_data/combined.csv
ðŸ“Š Gegevens ingelezen:
                   timestamp  temperature  avg_free_bikes
0  2025-11-13T11:00:02+01:00         13.6        0.956443
1  2025-11-13T12:00:03+01:00         14.1        0.952813
2  2025-11-13T14:00:01+01:00         14.1        0.972777
3  2025-11-13T15:00:02+01:00         14.7        0.969203
4  2025-11-13T17:00:01+01:00         14.7        0.996377

ðŸ“ˆ Statistieken:
Gemiddelde temperatuur: 14.24 Â°C
Gemiddeld aantal vrije fietsen: 0.97
Correlatie tussen temperatuur en vrije fietsen: 0.70
Mean Squared Error (MSE): 0.0001

ðŸ“ Grafiek opgeslagen in: /home/larsg/projects/data-workflow/reports/fiets_vs_temp.png
âœ… CSV-bestand gegenereerd: /home/larsg/projects/data-workflow/transformed_data/combined.csv
ðŸ“Š Gegevens ingelezen:
                   timestamp  temperature  avg_free_bikes
0  2025-11-13T11:00:02+01:00         13.6        0.956443
1  2025-11-13T12:00:03+01:00         14.1        0.952813
2  2025-11-13T14:00:01+01:00         14.1        0.972777
3  2025-11-13T15:00:02+01:00         14.7        0.969203
4  2025-11-13T17:00:01+01:00         14.7        0.996377

ðŸ“ˆ Statistieken:
Gemiddelde temperatuur: 14.15 Â°C
Gemiddeld aantal vrije fietsen: 97.3%
Correlatie tussen temperatuur en vrije fietsen: 0.31
Mean Squared Error (MSE): 0.0002

ðŸ“ Grafiek opgeslagen in: /home/larsg/projects/data-workflow/reports/fiets_vs_temp.png
âœ… CSV-bestand gegenereerd: /home/larsg/projects/data-workflow/transformed_data/combined.csv
ðŸ“Š Gegevens ingelezen:
                   timestamp  temperature  avg_free_bikes
0  2025-11-13T11:00:02+01:00         13.6        0.956443
1  2025-11-13T12:00:03+01:00         14.1        0.952813
2  2025-11-13T14:00:01+01:00         14.1        0.972777
3  2025-11-13T15:00:02+01:00         14.7        0.969203
4  2025-11-13T17:00:01+01:00         14.7        0.996377

ðŸ“ˆ Statistieken:
Gemiddelde temperatuur: 14.18 Â°C
Gemiddeld aantal vrije fietsen: 97.3%
Correlatie tussen temperatuur en vrije fietsen: 0.42
Mean Squared Error (MSE): 0.0002

ðŸ“ Grafiek opgeslagen in: /home/larsg/projects/data-workflow/reports/fiets_vs_temp.png
âœ… CSV-bestand gegenereerd: /home/larsg/projects/data-workflow/transformed_data/combined.csv
ðŸ“Š Gegevens ingelezen:
                   timestamp  temperature  avg_free_bikes
0  2025-11-13T11:00:02+01:00         13.6        0.956443
1  2025-11-13T12:00:03+01:00         14.1        0.952813
2  2025-11-13T14:00:01+01:00         14.1        0.972777
3  2025-11-13T15:00:02+01:00         14.7        0.969203
4  2025-11-13T17:00:01+01:00         14.7        0.996377

ðŸ“ˆ Statistieken:
Gemiddelde temperatuur: 14.14 Â°C
Gemiddeld aantal vrije fietsen: 97.5%
Correlatie tussen temperatuur en vrije fietsen: 0.32
Mean Squared Error (MSE): 0.0002

ðŸ“ Grafiek opgeslagen in: /home/larsg/projects/data-workflow/reports/fiets_vs_temp.png
âœ… CSV-bestand gegenereerd: /home/larsg/projects/data-workflow/transformed_data/combined.csv
ðŸ“Š Gegevens ingelezen:
                   timestamp  temperature  avg_free_bikes
0  2025-11-13T11:00:02+01:00         13.6        0.956443
1  2025-11-13T12:00:03+01:00         14.1        0.952813
2  2025-11-13T14:00:01+01:00         14.1        0.972777
3  2025-11-13T15:00:02+01:00         14.7        0.969203
4  2025-11-13T17:00:01+01:00         14.7        0.996377

ðŸ“ˆ Statistieken:
Gemiddelde temperatuur: 14.11 Â°C
Gemiddeld aantal vrije fietsen: 97.6%
Correlatie tussen temperatuur en vrije fietsen: 0.26
Mean Squared Error (MSE): 0.0002

ðŸ“ Grafiek opgeslagen in: /home/larsg/projects/data-workflow/reports/fiets_vs_temp.png
âœ… CSV-bestand gegenereerd: /home/larsg/projects/data-workflow/transformed_data/combined.csv
ðŸ“Š Gegevens ingelezen:
                   timestamp  temperature  avg_free_bikes
0  2025-11-13T11:00:02+01:00         13.6        0.956443
1  2025-11-13T12:00:03+01:00         14.1        0.952813
2  2025-11-13T14:00:01+01:00         14.1        0.972777
3  2025-11-13T15:00:02+01:00         14.7        0.969203
4  2025-11-13T17:00:01+01:00         14.7        0.996377

ðŸ“ˆ Statistieken:
Gemiddelde temperatuur: 14.18 Â°C
Gemiddeld aantal vrije fietsen: 97.1%
Correlatie tussen temperatuur en vrije fietsen: 0.58
Mean Squared Error (MSE): 0.0001

ðŸ“ Grafiek opgeslagen in: /home/larsg/projects/data-workflow/reports/fiets_vs_temp.png
âœ… CSV-bestand gegenereerd: /home/larsg/projects/data-workflow/transformed_data/combined.csv
ðŸ“Š Gegevens ingelezen:
                   timestamp  temperature  avg_free_bikes
0  2025-11-13T11:00:02+01:00         13.6        0.956443
1  2025-11-13T12:00:03+01:00         14.1        0.952813
2  2025-11-13T14:00:01+01:00         14.1        0.972777
3  2025-11-13T15:00:02+01:00         14.7        0.969203
4  2025-11-13T17:00:01+01:00         14.7        0.996377

ðŸ“ˆ Statistieken:
Gemiddelde temperatuur: 14.18 Â°C
Gemiddeld aantal vrije fietsen: 97.1%
Correlatie tussen temperatuur en vrije fietsen: 0.58
Mean Squared Error (MSE): 0.0001

ðŸ“ Grafiek opgeslagen in: /home/larsg/projects/data-workflow/reports/fiets_vs_temp.png
[main 05aa96a] Automatische update 2025-11-14 14:00:04
 2 files changed, 17 insertions(+), 1 deletion(-)
To github.com:LarsGeirnaert/hogenttin-linux-2526-LarsGeirnaert.git
   ae086bf..05aa96a  main -> main
âœ… CSV-bestand gegenereerd: /home/larsg/projects/data-workflow/transformed_data/combined.csv
ðŸ“Š Gegevens ingelezen:
                   timestamp  temperature  avg_free_bikes
0  2025-11-13T11:00:02+01:00         13.6        0.956443
1  2025-11-13T12:00:03+01:00         14.1        0.952813
2  2025-11-13T14:00:01+01:00         14.1        0.972777
3  2025-11-13T15:00:02+01:00         14.7        0.969203
4  2025-11-13T17:00:01+01:00         14.7        0.996377

ðŸ“ˆ Statistieken:
Gemiddelde temperatuur: 14.18 Â°C
Gemiddeld aantal vrije fietsen: 97.1%
Correlatie tussen temperatuur en vrije fietsen: 0.58
Mean Squared Error (MSE): 0.0001

ðŸ“ Grafiek opgeslagen in: /home/larsg/projects/data-workflow/reports/fiets_vs_temp.png
[main 547ee6e] Automatische update 2025-11-14 14:05:04
 2 files changed, 17 insertions(+), 1 deletion(-)
To github.com:LarsGeirnaert/hogenttin-linux-2526-LarsGeirnaert.git
   798aa0d..547ee6e  main -> main
âœ… CSV-bestand gegenereerd: /home/larsg/projects/data-workflow/transformed_data/combined.csv
ðŸ“Š Gegevens ingelezen:
                   timestamp  temperature  avg_free_bikes
0  2025-11-13T11:00:02+01:00         13.6        0.956443
1  2025-11-13T12:00:03+01:00         14.1        0.952813
2  2025-11-13T14:00:01+01:00         14.1        0.972777
3  2025-11-13T15:00:02+01:00         14.7        0.969203
4  2025-11-13T17:00:01+01:00         14.7        0.996377

ðŸ“ˆ Statistieken:
Gemiddelde temperatuur: 14.14 Â°C
Gemiddeld aantal vrije fietsen: 97.4%
Correlatie tussen temperatuur en vrije fietsen: 0.39
Mean Squared Error (MSE): 0.0002

ðŸ“ Grafiek opgeslagen in: /home/larsg/projects/data-workflow/reports/fiets_vs_temp.png
[main ad4051f] Automatische update 2025-11-14 14:10:08
 4 files changed, 20 insertions(+), 4 deletions(-)
To github.com:LarsGeirnaert/hogenttin-linux-2526-LarsGeirnaert.git
   96435ba..ad4051f  main -> main
âœ… CSV-bestand gegenereerd: /home/larsg/projects/data-workflow/transformed_data/combined.csv
ðŸ“Š Gegevens ingelezen:
                   timestamp  temperature  avg_free_bikes
0  2025-11-13T11:00:02+01:00         13.6        0.956443
1  2025-11-13T12:00:03+01:00         14.1        0.952813
2  2025-11-13T14:00:01+01:00         14.1        0.972777
3  2025-11-13T15:00:02+01:00         14.7        0.969203
4  2025-11-13T17:00:01+01:00         14.7        0.996377

ðŸ“ˆ Statistieken:
Gemiddelde temperatuur: 14.11 Â°C
Gemiddeld aantal vrije fietsen: 97.6%
Correlatie tussen temperatuur en vrije fietsen: 0.28
Mean Squared Error (MSE): 0.0002

ðŸ“ Grafiek opgeslagen in: /home/larsg/projects/data-workflow/reports/fiets_vs_temp.png
[main f742fd3] Automatische update 2025-11-14 14:15:07
 4 files changed, 25 insertions(+), 4 deletions(-)
To github.com:LarsGeirnaert/hogenttin-linux-2526-LarsGeirnaert.git
   ad4051f..f742fd3  main -> main
âœ… CSV-bestand gegenereerd: /home/larsg/projects/data-workflow/transformed_data/combined.csv
ðŸ“Š Gegevens ingelezen:
                   timestamp  temperature  total_free_bikes
0  2025-11-13T11:00:02+01:00         13.6               527
1  2025-11-13T12:00:03+01:00         14.1               525
2  2025-11-13T14:00:01+01:00         14.1               536
3  2025-11-13T15:00:02+01:00         14.7               535
4  2025-11-13T17:00:01+01:00         14.7               550
Traceback (most recent call last):
  File "/home/larsg/projects/data-workflow/venv/lib/python3.12/site-packages/pandas/core/indexes/base.py", line 3812, in get_loc
    return self._engine.get_loc(casted_key)
           ^^^^^^^^^^^^^^^^^^^^^^^^^^^^^^^^
  File "pandas/_libs/index.pyx", line 167, in pandas._libs.index.IndexEngine.get_loc
  File "pandas/_libs/index.pyx", line 196, in pandas._libs.index.IndexEngine.get_loc
  File "pandas/_libs/hashtable_class_helper.pxi", line 7088, in pandas._libs.hashtable.PyObjectHashTable.get_item
  File "pandas/_libs/hashtable_class_helper.pxi", line 7096, in pandas._libs.hashtable.PyObjectHashTable.get_item
KeyError: 'avg_free_bikes'

The above exception was the direct cause of the following exception:

Traceback (most recent call last):
  File "/home/larsg/projects/data-workflow/scripts/analyze_data.py", line 24, in <module>
    mean_bikes = df["avg_free_bikes"].mean() * 100  # nu in %
                 ~~^^^^^^^^^^^^^^^^^^
  File "/home/larsg/projects/data-workflow/venv/lib/python3.12/site-packages/pandas/core/frame.py", line 4113, in __getitem__
    indexer = self.columns.get_loc(key)
              ^^^^^^^^^^^^^^^^^^^^^^^^^
  File "/home/larsg/projects/data-workflow/venv/lib/python3.12/site-packages/pandas/core/indexes/base.py", line 3819, in get_loc
    raise KeyError(key) from err
KeyError: 'avg_free_bikes'
Traceback (most recent call last):
  File "/home/larsg/projects/data-workflow/venv/lib/python3.12/site-packages/pandas/core/indexes/base.py", line 3812, in get_loc
    return self._engine.get_loc(casted_key)
           ^^^^^^^^^^^^^^^^^^^^^^^^^^^^^^^^
  File "pandas/_libs/index.pyx", line 167, in pandas._libs.index.IndexEngine.get_loc
  File "pandas/_libs/index.pyx", line 196, in pandas._libs.index.IndexEngine.get_loc
  File "pandas/_libs/hashtable_class_helper.pxi", line 7088, in pandas._libs.hashtable.PyObjectHashTable.get_item
  File "pandas/_libs/hashtable_class_helper.pxi", line 7096, in pandas._libs.hashtable.PyObjectHashTable.get_item
KeyError: 'avg_free_bikes'

The above exception was the direct cause of the following exception:

Traceback (most recent call last):
  File "/home/larsg/projects/data-workflow/scripts/generate_report.py", line 13, in <module>
    avg_bikes = df['avg_free_bikes'].mean()
                ~~^^^^^^^^^^^^^^^^^^
  File "/home/larsg/projects/data-workflow/venv/lib/python3.12/site-packages/pandas/core/frame.py", line 4113, in __getitem__
    indexer = self.columns.get_loc(key)
              ^^^^^^^^^^^^^^^^^^^^^^^^^
  File "/home/larsg/projects/data-workflow/venv/lib/python3.12/site-packages/pandas/core/indexes/base.py", line 3819, in get_loc
    raise KeyError(key) from err
KeyError: 'avg_free_bikes'
[main 27fb3e1] Automatische update 2025-11-14 14:26:08
 3 files changed, 70 insertions(+), 13 deletions(-)
To github.com:LarsGeirnaert/hogenttin-linux-2526-LarsGeirnaert.git
   f742fd3..27fb3e1  main -> main
âœ… CSV-bestand gegenereerd: /home/larsg/projects/data-workflow/transformed_data/combined.csv
ðŸ“Š Gegevens ingelezen:
                   timestamp  temperature  total_free_bikes
0  2025-11-13T11:00:02+01:00         13.6               527
1  2025-11-13T12:00:03+01:00         14.1               525
2  2025-11-13T14:00:01+01:00         14.1               536
3  2025-11-13T15:00:02+01:00         14.7               535
4  2025-11-13T17:00:01+01:00         14.7               550
Traceback (most recent call last):
  File "/home/larsg/projects/data-workflow/venv/lib/python3.12/site-packages/pandas/core/indexes/base.py", line 3812, in get_loc
    return self._engine.get_loc(casted_key)
           ^^^^^^^^^^^^^^^^^^^^^^^^^^^^^^^^
  File "pandas/_libs/index.pyx", line 167, in pandas._libs.index.IndexEngine.get_loc
  File "pandas/_libs/index.pyx", line 196, in pandas._libs.index.IndexEngine.get_loc
  File "pandas/_libs/hashtable_class_helper.pxi", line 7088, in pandas._libs.hashtable.PyObjectHashTable.get_item
  File "pandas/_libs/hashtable_class_helper.pxi", line 7096, in pandas._libs.hashtable.PyObjectHashTable.get_item
KeyError: 'avg_free_bikes'

The above exception was the direct cause of the following exception:

Traceback (most recent call last):
  File "/home/larsg/projects/data-workflow/scripts/analyze_data.py", line 24, in <module>
    mean_bikes = df["avg_free_bikes"].mean() * 100  # nu in %
                 ~~^^^^^^^^^^^^^^^^^^
  File "/home/larsg/projects/data-workflow/venv/lib/python3.12/site-packages/pandas/core/frame.py", line 4113, in __getitem__
    indexer = self.columns.get_loc(key)
              ^^^^^^^^^^^^^^^^^^^^^^^^^
  File "/home/larsg/projects/data-workflow/venv/lib/python3.12/site-packages/pandas/core/indexes/base.py", line 3819, in get_loc
    raise KeyError(key) from err
KeyError: 'avg_free_bikes'
Traceback (most recent call last):
  File "/home/larsg/projects/data-workflow/venv/lib/python3.12/site-packages/pandas/core/indexes/base.py", line 3812, in get_loc
    return self._engine.get_loc(casted_key)
           ^^^^^^^^^^^^^^^^^^^^^^^^^^^^^^^^
  File "pandas/_libs/index.pyx", line 167, in pandas._libs.index.IndexEngine.get_loc
  File "pandas/_libs/index.pyx", line 196, in pandas._libs.index.IndexEngine.get_loc
  File "pandas/_libs/hashtable_class_helper.pxi", line 7088, in pandas._libs.hashtable.PyObjectHashTable.get_item
  File "pandas/_libs/hashtable_class_helper.pxi", line 7096, in pandas._libs.hashtable.PyObjectHashTable.get_item
KeyError: 'avg_free_bikes'

The above exception was the direct cause of the following exception:

Traceback (most recent call last):
  File "/home/larsg/projects/data-workflow/scripts/generate_report.py", line 13, in <module>
    avg_bikes = df['avg_free_bikes'].mean()
                ~~^^^^^^^^^^^^^^^^^^
  File "/home/larsg/projects/data-workflow/venv/lib/python3.12/site-packages/pandas/core/frame.py", line 4113, in __getitem__
    indexer = self.columns.get_loc(key)
              ^^^^^^^^^^^^^^^^^^^^^^^^^
  File "/home/larsg/projects/data-workflow/venv/lib/python3.12/site-packages/pandas/core/indexes/base.py", line 3819, in get_loc
    raise KeyError(key) from err
KeyError: 'avg_free_bikes'
[main f538d7e] Automatische update 2025-11-14 14:28:08
 2 files changed, 57 insertions(+)
To github.com:LarsGeirnaert/hogenttin-linux-2526-LarsGeirnaert.git
   27fb3e1..f538d7e  main -> main
âœ… CSV-bestand gegenereerd: /home/larsg/projects/data-workflow/transformed_data/combined.csv
ðŸ“Š Gegevens ingelezen:
                   timestamp  temperature  total_free_bikes
0  2025-11-13T11:00:02+01:00         13.6               527
1  2025-11-13T12:00:03+01:00         14.1               525
2  2025-11-13T14:00:01+01:00         14.1               536
3  2025-11-13T15:00:02+01:00         14.7               535
4  2025-11-13T17:00:01+01:00         14.7               550
Traceback (most recent call last):
  File "/home/larsg/projects/data-workflow/venv/lib/python3.12/site-packages/pandas/core/indexes/base.py", line 3812, in get_loc
    return self._engine.get_loc(casted_key)
           ^^^^^^^^^^^^^^^^^^^^^^^^^^^^^^^^
  File "pandas/_libs/index.pyx", line 167, in pandas._libs.index.IndexEngine.get_loc
  File "pandas/_libs/index.pyx", line 196, in pandas._libs.index.IndexEngine.get_loc
  File "pandas/_libs/hashtable_class_helper.pxi", line 7088, in pandas._libs.hashtable.PyObjectHashTable.get_item
  File "pandas/_libs/hashtable_class_helper.pxi", line 7096, in pandas._libs.hashtable.PyObjectHashTable.get_item
KeyError: 'avg_free_bikes'

The above exception was the direct cause of the following exception:

Traceback (most recent call last):
  File "/home/larsg/projects/data-workflow/scripts/analyze_data.py", line 24, in <module>
    mean_bikes = df["avg_free_bikes"].mean() * 100  # nu in %
                 ~~^^^^^^^^^^^^^^^^^^
  File "/home/larsg/projects/data-workflow/venv/lib/python3.12/site-packages/pandas/core/frame.py", line 4113, in __getitem__
    indexer = self.columns.get_loc(key)
              ^^^^^^^^^^^^^^^^^^^^^^^^^
  File "/home/larsg/projects/data-workflow/venv/lib/python3.12/site-packages/pandas/core/indexes/base.py", line 3819, in get_loc
    raise KeyError(key) from err
KeyError: 'avg_free_bikes'
Traceback (most recent call last):
  File "/home/larsg/projects/data-workflow/venv/lib/python3.12/site-packages/pandas/core/indexes/base.py", line 3812, in get_loc
    return self._engine.get_loc(casted_key)
           ^^^^^^^^^^^^^^^^^^^^^^^^^^^^^^^^
  File "pandas/_libs/index.pyx", line 167, in pandas._libs.index.IndexEngine.get_loc
  File "pandas/_libs/index.pyx", line 196, in pandas._libs.index.IndexEngine.get_loc
  File "pandas/_libs/hashtable_class_helper.pxi", line 7088, in pandas._libs.hashtable.PyObjectHashTable.get_item
  File "pandas/_libs/hashtable_class_helper.pxi", line 7096, in pandas._libs.hashtable.PyObjectHashTable.get_item
KeyError: 'avg_free_bikes'

The above exception was the direct cause of the following exception:

Traceback (most recent call last):
  File "/home/larsg/projects/data-workflow/scripts/generate_report.py", line 13, in <module>
    avg_bikes = df['avg_free_bikes'].mean()
                ~~^^^^^^^^^^^^^^^^^^
  File "/home/larsg/projects/data-workflow/venv/lib/python3.12/site-packages/pandas/core/frame.py", line 4113, in __getitem__
    indexer = self.columns.get_loc(key)
              ^^^^^^^^^^^^^^^^^^^^^^^^^
  File "/home/larsg/projects/data-workflow/venv/lib/python3.12/site-packages/pandas/core/indexes/base.py", line 3819, in get_loc
    raise KeyError(key) from err
KeyError: 'avg_free_bikes'
[main 3c320e5] Automatische update 2025-11-14 14:30:08
 4 files changed, 58 insertions(+), 1 deletion(-)
 create mode 100644 scripts/.generate_report.py.swp
To github.com:LarsGeirnaert/hogenttin-linux-2526-LarsGeirnaert.git
   f538d7e..3c320e5  main -> main
âœ… CSV-bestand gegenereerd: /home/larsg/projects/data-workflow/transformed_data/combined.csv
ðŸ“Š Gegevens ingelezen:
                   timestamp  temperature  total_free_bikes
0  2025-11-13T11:00:02+01:00         13.6               527
1  2025-11-13T12:00:03+01:00         14.1               525
2  2025-11-13T14:00:01+01:00         14.1               536
3  2025-11-13T15:00:02+01:00         14.7               535
4  2025-11-13T17:00:01+01:00         14.7               550

ðŸ“ˆ Statistieken:
Gemiddelde temperatuur: 14.04 Â°C
Gemiddeld aantal vrije fietsen: 539.6%
Correlatie tussen temperatuur en vrije fietsen: 0.17
Traceback (most recent call last):
  File "/home/larsg/projects/data-workflow/venv/lib/python3.12/site-packages/pandas/core/indexes/base.py", line 3812, in get_loc
    return self._engine.get_loc(casted_key)
           ^^^^^^^^^^^^^^^^^^^^^^^^^^^^^^^^
  File "pandas/_libs/index.pyx", line 167, in pandas._libs.index.IndexEngine.get_loc
  File "pandas/_libs/index.pyx", line 196, in pandas._libs.index.IndexEngine.get_loc
  File "pandas/_libs/hashtable_class_helper.pxi", line 7088, in pandas._libs.hashtable.PyObjectHashTable.get_item
  File "pandas/_libs/hashtable_class_helper.pxi", line 7096, in pandas._libs.hashtable.PyObjectHashTable.get_item
KeyError: 'avg_free_bikes'

The above exception was the direct cause of the following exception:

Traceback (most recent call last):
  File "/home/larsg/projects/data-workflow/scripts/analyze_data.py", line 36, in <module>
    y = df["avg_free_bikes"].values
        ~~^^^^^^^^^^^^^^^^^^
  File "/home/larsg/projects/data-workflow/venv/lib/python3.12/site-packages/pandas/core/frame.py", line 4113, in __getitem__
    indexer = self.columns.get_loc(key)
              ^^^^^^^^^^^^^^^^^^^^^^^^^
  File "/home/larsg/projects/data-workflow/venv/lib/python3.12/site-packages/pandas/core/indexes/base.py", line 3819, in get_loc
    raise KeyError(key) from err
KeyError: 'avg_free_bikes'
Traceback (most recent call last):
  File "/home/larsg/projects/data-workflow/venv/lib/python3.12/site-packages/pandas/core/indexes/base.py", line 3812, in get_loc
    return self._engine.get_loc(casted_key)
           ^^^^^^^^^^^^^^^^^^^^^^^^^^^^^^^^
  File "pandas/_libs/index.pyx", line 167, in pandas._libs.index.IndexEngine.get_loc
  File "pandas/_libs/index.pyx", line 196, in pandas._libs.index.IndexEngine.get_loc
  File "pandas/_libs/hashtable_class_helper.pxi", line 7088, in pandas._libs.hashtable.PyObjectHashTable.get_item
  File "pandas/_libs/hashtable_class_helper.pxi", line 7096, in pandas._libs.hashtable.PyObjectHashTable.get_item
KeyError: 'avg_free_bikes'

The above exception was the direct cause of the following exception:

Traceback (most recent call last):
  File "/home/larsg/projects/data-workflow/scripts/generate_report.py", line 13, in <module>
    avg_bikes = df['avg_free_bikes'].mean()
                ~~^^^^^^^^^^^^^^^^^^
  File "/home/larsg/projects/data-workflow/venv/lib/python3.12/site-packages/pandas/core/frame.py", line 4113, in __getitem__
    indexer = self.columns.get_loc(key)
              ^^^^^^^^^^^^^^^^^^^^^^^^^
  File "/home/larsg/projects/data-workflow/venv/lib/python3.12/site-packages/pandas/core/indexes/base.py", line 3819, in get_loc
    raise KeyError(key) from err
KeyError: 'avg_free_bikes'
[main 849ea4f] Automatische update 2025-11-14 14:32:07
 4 files changed, 60 insertions(+), 1 deletion(-)
 create mode 100644 scripts/.generate_report.py.swp
To github.com:LarsGeirnaert/hogenttin-linux-2526-LarsGeirnaert.git
   cdd1b17..849ea4f  main -> main
âœ… CSV-bestand gegenereerd: /home/larsg/projects/data-workflow/transformed_data/combined.csv
ðŸ“Š Gegevens ingelezen:
                   timestamp  temperature  total_free_bikes
0  2025-11-13T11:00:02+01:00         13.6               527
1  2025-11-13T12:00:03+01:00         14.1               525
2  2025-11-13T14:00:01+01:00         14.1               536
3  2025-11-13T15:00:02+01:00         14.7               535
4  2025-11-13T17:00:01+01:00         14.7               550

ðŸ“ˆ Statistieken:
Gemiddelde temperatuur: 14.02 Â°C
Gemiddeld aantal vrije fietsen: 539.8%
Correlatie tussen temperatuur en vrije fietsen: 0.16
Traceback (most recent call last):
  File "/home/larsg/projects/data-workflow/venv/lib/python3.12/site-packages/pandas/core/indexes/base.py", line 3812, in get_loc
    return self._engine.get_loc(casted_key)
           ^^^^^^^^^^^^^^^^^^^^^^^^^^^^^^^^
  File "pandas/_libs/index.pyx", line 167, in pandas._libs.index.IndexEngine.get_loc
  File "pandas/_libs/index.pyx", line 196, in pandas._libs.index.IndexEngine.get_loc
  File "pandas/_libs/hashtable_class_helper.pxi", line 7088, in pandas._libs.hashtable.PyObjectHashTable.get_item
  File "pandas/_libs/hashtable_class_helper.pxi", line 7096, in pandas._libs.hashtable.PyObjectHashTable.get_item
KeyError: 'avg_free_bikes'

The above exception was the direct cause of the following exception:

Traceback (most recent call last):
  File "/home/larsg/projects/data-workflow/scripts/analyze_data.py", line 36, in <module>
    y = df["avg_free_bikes"].values
        ~~^^^^^^^^^^^^^^^^^^
  File "/home/larsg/projects/data-workflow/venv/lib/python3.12/site-packages/pandas/core/frame.py", line 4113, in __getitem__
    indexer = self.columns.get_loc(key)
              ^^^^^^^^^^^^^^^^^^^^^^^^^
  File "/home/larsg/projects/data-workflow/venv/lib/python3.12/site-packages/pandas/core/indexes/base.py", line 3819, in get_loc
    raise KeyError(key) from err
KeyError: 'avg_free_bikes'
[main 93ea45b] Automatische update 2025-11-14 14:34:06
 4 files changed, 39 insertions(+), 3 deletions(-)
 create mode 100644 scripts/.analyze_data.py.swp
To github.com:LarsGeirnaert/hogenttin-linux-2526-LarsGeirnaert.git
   116bf8e..93ea45b  main -> main
âœ… CSV-bestand gegenereerd: /home/larsg/projects/data-workflow/transformed_data/combined.csv
ðŸ“Š Gegevens ingelezen:
                   timestamp  temperature  total_free_bikes
0  2025-11-13T11:00:02+01:00         13.6               527
1  2025-11-13T12:00:03+01:00         14.1               525
2  2025-11-13T14:00:01+01:00         14.1               536
3  2025-11-13T15:00:02+01:00         14.7               535
4  2025-11-13T17:00:01+01:00         14.7               550

ðŸ“ˆ Statistieken:
Gemiddelde temperatuur: 14.01 Â°C
Gemiddeld aantal vrije fietsen: 539.9%
Correlatie tussen temperatuur en vrije fietsen: 0.15
Mean Squared Error (MSE): 39.4375

ðŸ“ Grafiek opgeslagen in: /home/larsg/projects/data-workflow/reports/fiets_vs_temp.png
[main 0ce9edb] Automatische update 2025-11-14 14:36:05
 3 files changed, 16 insertions(+), 1 deletion(-)
To github.com:LarsGeirnaert/hogenttin-linux-2526-LarsGeirnaert.git
   07a8108..0ce9edb  main -> main
âœ… CSV-bestand gegenereerd: /home/larsg/projects/data-workflow/transformed_data/combined.csv
ðŸ“Š Gegevens ingelezen:
                   timestamp  temperature  total_free_bikes
0  2025-11-13T11:00:02+01:00         13.6               527
1  2025-11-13T12:00:03+01:00         14.1               525
2  2025-11-13T14:00:01+01:00         14.1               536
3  2025-11-13T15:00:02+01:00         14.7               535
4  2025-11-13T17:00:01+01:00         14.7               550

ðŸ“ˆ Statistieken:
Gemiddelde temperatuur: 14.10 Â°C
Gemiddeld aantal vrije fietsen: 538.0%
Correlatie tussen temperatuur en vrije fietsen: 0.31
Mean Squared Error (MSE): 55.4990

ðŸ“ Grafiek opgeslagen in: /home/larsg/projects/data-workflow/reports/fiets_vs_temp.png
[main 8b5cbd4] Automatische update 2025-11-14 14:45:07
 4 files changed, 21 insertions(+), 5 deletions(-)
To github.com:LarsGeirnaert/hogenttin-linux-2526-LarsGeirnaert.git
   da06546..8b5cbd4  main -> main
âœ… CSV-bestand gegenereerd: /home/larsg/projects/data-workflow/transformed_data/combined.csv
ðŸ“Š Gegevens ingelezen:
                   timestamp  temperature  total_free_bikes
0  2025-11-13T11:00:02+01:00         13.6               527
1  2025-11-13T12:00:03+01:00         14.1               525
2  2025-11-13T14:00:01+01:00         14.1               536
3  2025-11-13T15:00:02+01:00         14.7               535
4  2025-11-13T17:00:01+01:00         14.7               550

ðŸ“ˆ Statistieken:
Gemiddelde temperatuur: 14.08 Â°C
Gemiddeld aantal vrije fietsen: 538.3
Correlatie tussen temperatuur en vrije fietsen: 0.26
Mean Squared Error (MSE): 40.1093

ðŸ“ Grafiek opgeslagen in: /home/larsg/projects/data-workflow/reports/fiets_vs_temp.png
[main fa0b422] Automatische update 2025-11-14 15:00:11
 4 files changed, 19 insertions(+), 2 deletions(-)
To github.com:LarsGeirnaert/hogenttin-linux-2526-LarsGeirnaert.git
   fde87bf..fa0b422  main -> main
ðŸ“¥ Data ophalen...
âœ… CSV-bestand gegenereerd: /home/larsg/projects/data-workflow/transformed_data/combined.csv
ðŸ“Š Gegevens ingelezen:
                   timestamp  temperature  total_free_bikes
0  2025-11-13T11:00:02+01:00         13.6               527
1  2025-11-13T12:00:03+01:00         14.1               525
2  2025-11-13T14:00:01+01:00         14.1               536
3  2025-11-13T15:00:02+01:00         14.7               535
4  2025-11-13T17:00:01+01:00         14.7               550

ðŸ“ˆ Statistieken:
Gemiddelde temperatuur: 14.10 Â°C
Gemiddeld aantal vrije fietsen: 537.7
Correlatie tussen temperatuur en vrije fietsen: 0.27
Mean Squared Error (MSE): 49.0153

ðŸ“ Grafiek opgeslagen in: /home/larsg/projects/data-workflow/reports/fiets_vs_temp.png
[main 2fd7cff] Automatische update 2025-11-14 15:04:07
 4 files changed, 21 insertions(+), 3 deletions(-)
To github.com:LarsGeirnaert/hogenttin-linux-2526-LarsGeirnaert.git
   64594a6..2fd7cff  main -> main
ðŸ“¥ Data ophalen...
âœ… CSV-bestand gegenereerd: /home/larsg/projects/data-workflow/transformed_data/combined.csv
ðŸ“Š Gegevens ingelezen:
                   timestamp  temperature  total_free_bikes
0  2025-11-13T11:00:02+01:00         13.6               527
1  2025-11-13T12:00:03+01:00         14.1               525
2  2025-11-13T14:00:01+01:00         14.1               536
3  2025-11-13T15:00:02+01:00         14.7               535
4  2025-11-13T17:00:01+01:00         14.7               550

ðŸ“ˆ Statistieken:
Gemiddelde temperatuur: 14.10 Â°C
Gemiddeld aantal vrije fietsen: 538.2
Correlatie tussen temperatuur en vrije fietsen: 0.26
Mean Squared Error (MSE): 47.0308

ðŸ“ Grafiek opgeslagen in: /home/larsg/projects/data-workflow/reports/fiets_vs_temp.png
[main bbabd2f] Automatische update 2025-11-14 15:15:12
 4 files changed, 20 insertions(+), 2 deletions(-)
To github.com:LarsGeirnaert/hogenttin-linux-2526-LarsGeirnaert.git
   b985ec4..bbabd2f  main -> main
ðŸ“¥ Data ophalen...
âœ… CSV-bestand gegenereerd: /home/larsg/projects/data-workflow/transformed_data/combined.csv
ðŸ“Š Gegevens ingelezen:
                   timestamp  temperature  total_free_bikes
0  2025-11-13T11:00:02+01:00         13.6               527
1  2025-11-13T12:00:03+01:00         14.1               525
2  2025-11-13T14:00:01+01:00         14.1               536
3  2025-11-13T15:00:02+01:00         14.7               535
4  2025-11-13T17:00:01+01:00         14.7               550

ðŸ“ˆ Statistieken:
Gemiddelde temperatuur: 14.13 Â°C
Gemiddeld aantal vrije fietsen: 538.4
Correlatie tussen temperatuur en vrije fietsen: 0.28
Mean Squared Error (MSE): 43.1521

ðŸ“ Grafiek opgeslagen in: /home/larsg/projects/data-workflow/reports/fiets_vs_temp.png
[main 7fd880f] Automatische update 2025-11-14 15:30:06
 4 files changed, 22 insertions(+), 4 deletions(-)
To github.com:LarsGeirnaert/hogenttin-linux-2526-LarsGeirnaert.git
   c2956d9..7fd880f  main -> main
ðŸ“¥ Data ophalen...
âœ… CSV-bestand gegenereerd: /home/larsg/projects/data-workflow/transformed_data/combined.csv
ðŸ“Š Gegevens ingelezen:
                   timestamp  temperature  total_free_bikes
0  2025-11-13T11:00:02+01:00         13.6               527
1  2025-11-13T12:00:03+01:00         14.1               525
2  2025-11-13T14:00:01+01:00         14.1               536
3  2025-11-13T15:00:02+01:00         14.7               535
4  2025-11-13T17:00:01+01:00         14.7               550

ðŸ“ˆ Statistieken:
Gemiddelde temperatuur: 14.15 Â°C
Gemiddeld aantal vrije fietsen: 538.5
Correlatie tussen temperatuur en vrije fietsen: 0.29
Mean Squared Error (MSE): 39.8379

ðŸ“ Grafiek opgeslagen in: /home/larsg/projects/data-workflow/reports/fiets_vs_temp.png
ðŸ“ Grafiek opgeslagen in: /home/larsg/projects/data-workflow/reports/fiets_vs_uur.png
[main 92c1e4a] Automatische update 2025-11-14 15:45:07
 5 files changed, 23 insertions(+), 4 deletions(-)
To github.com:LarsGeirnaert/hogenttin-linux-2526-LarsGeirnaert.git
   0320cae..92c1e4a  main -> main
ðŸ“¥ Data ophalen...
âœ… CSV-bestand gegenereerd: /home/larsg/projects/data-workflow/transformed_data/combined.csv
ðŸ“Š Gegevens ingelezen:
                   timestamp  temperature  total_free_bikes
0  2025-11-13T11:00:02+01:00         13.6               527
1  2025-11-13T12:00:03+01:00         14.1               525
2  2025-11-13T14:00:01+01:00         14.1               536
3  2025-11-13T15:00:02+01:00         14.7               535
4  2025-11-13T17:00:01+01:00         14.7               550

ðŸ“ˆ Statistieken:
Gemiddelde temperatuur: 14.17 Â°C
Gemiddeld aantal vrije fietsen: 538.6
Correlatie tussen temperatuur en vrije fietsen: 0.29
Mean Squared Error (MSE): 36.9934

ðŸ“ Grafiek opgeslagen in: /home/larsg/projects/data-workflow/reports/fiets_vs_temp.png
ðŸ“ Grafiek opgeslagen in: /home/larsg/projects/data-workflow/reports/fiets_vs_uur.png
Traceback (most recent call last):
  File "/home/larsg/projects/data-workflow/scripts/generate_pdf_report.py", line 42, in <module>
    doc.build(elements)
  File "/home/larsg/projects/data-workflow/venv/lib/python3.12/site-packages/reportlab/platypus/doctemplate.py", line 1322, in build
    BaseDocTemplate.build(self,flowables, canvasmaker=canvasmaker)
  File "/home/larsg/projects/data-workflow/venv/lib/python3.12/site-packages/reportlab/platypus/doctemplate.py", line 1109, in build
    self._endBuild()
  File "/home/larsg/projects/data-workflow/venv/lib/python3.12/site-packages/reportlab/platypus/doctemplate.py", line 1044, in _endBuild
    if getattr(self,'_doSave',1): self.canv.save()
                                  ^^^^^^^^^^^^^^^^
  File "/home/larsg/projects/data-workflow/venv/lib/python3.12/site-packages/reportlab/pdfgen/canvas.py", line 1301, in save
    self._doc.SaveToFile(self._filename, self)
  File "/home/larsg/projects/data-workflow/venv/lib/python3.12/site-packages/reportlab/pdfbase/pdfdoc.py", line 210, in SaveToFile
    raise TypeError('Cannot use %s as a filename or file' % repr(filename))
TypeError: Cannot use PosixPath('/home/larsg/projects/data-workflow/reports/report.pdf') as a filename or file
[main bd651e5] Automatische update 2025-11-14 16:00:07
 5 files changed, 37 insertions(+), 3 deletions(-)
To github.com:LarsGeirnaert/hogenttin-linux-2526-LarsGeirnaert.git
   e226e8b..bd651e5  main -> main
ðŸ“¥ Data ophalen...
âœ… CSV-bestand gegenereerd: /home/larsg/projects/data-workflow/transformed_data/combined.csv
ðŸ“Š Gegevens ingelezen:
                   timestamp  temperature  total_free_bikes
0  2025-11-13T11:00:02+01:00         13.6               527
1  2025-11-13T12:00:03+01:00         14.1               525
2  2025-11-13T14:00:01+01:00         14.1               536
3  2025-11-13T15:00:02+01:00         14.7               535
4  2025-11-13T17:00:01+01:00         14.7               550

ðŸ“ˆ Statistieken:
Gemiddelde temperatuur: 14.18 Â°C
Gemiddeld aantal vrije fietsen: 539.1
Correlatie tussen temperatuur en vrije fietsen: 0.32
Mean Squared Error (MSE): 36.1239

ðŸ“ Grafiek opgeslagen in: /home/larsg/projects/data-workflow/reports/fiets_vs_temp.png
ðŸ“ Grafiek opgeslagen in: /home/larsg/projects/data-workflow/reports/fiets_vs_uur.png
ðŸ“ PDF-rapport opgeslagen in: /home/larsg/projects/data-workflow/reports/report.pdf
[main eeb72d9] Automatische update 2025-11-14 16:15:08
 7 files changed, 86 insertions(+), 27 deletions(-)
To github.com:LarsGeirnaert/hogenttin-linux-2526-LarsGeirnaert.git
   df255da..eeb72d9  main -> main
ðŸ“¥ Data ophalen...
âœ… CSV-bestand gegenereerd: /home/larsg/projects/data-workflow/transformed_data/combined.csv
  File "/home/larsg/projects/data-workflow/scripts/analyze_data.py", line 32
    print(f"Gemiddeld aantal vrije fietsen: {mean_bikes.0f}")
                                                        ^
SyntaxError: invalid decimal literal
ðŸ“ Grafiek opgeslagen in: /home/larsg/projects/data-workflow/reports/fiets_vs_uur.png
ðŸ“ PDF-rapport opgeslagen in: /home/larsg/projects/data-workflow/reports/report.pdf
[main d5526c8] Automatische update 2025-11-14 16:30:06
 5 files changed, 30 insertions(+), 21 deletions(-)
To github.com:LarsGeirnaert/hogenttin-linux-2526-LarsGeirnaert.git
   35735ff..d5526c8  main -> main
ðŸ“¥ Data ophalen...
âœ… CSV-bestand gegenereerd: /home/larsg/projects/data-workflow/transformed_data/combined.csv
ðŸ“Š Laatste 10 datapunten:
                    timestamp  temperature  total_free_bikes
7   2025-11-14T14:30:01+01:00         13.9               544
8   2025-11-14T14:45:01+01:00         14.0               539
9   2025-11-14T15:00:01+01:00         14.1               540
10  2025-11-14T15:15:08+01:00         14.1               538
11  2025-11-14T15:30:02+01:00         14.4               541
12  2025-11-14T15:45:01+01:00         14.4               540
13  2025-11-14T16:00:01+01:00         14.4               540
14  2025-11-14T16:15:01+01:00         14.4               545
15  2025-11-14T16:30:02+01:00         14.6               552
16  2025-11-14T16:45:01+01:00         14.7               551

ðŸ“ˆ Statistieken:
Gemiddelde temperatuur: 14.23 Â°C
Gemiddeld aantal vrije fietsen: 541
Correlatie tussen temperatuur en vrije fietsen: 0.49
Mean Squared Error (MSE): 39.4106

ðŸ“ Grafiek opgeslagen in: /home/larsg/projects/data-workflow/reports/fiets_vs_temp.png
ðŸ“ Grafiek opgeslagen in: /home/larsg/projects/data-workflow/reports/fiets_vs_uur.png
ðŸ“ PDF-rapport opgeslagen in: /home/larsg/projects/data-workflow/reports/report.pdf
ðŸ“¥ Data ophalen...
âœ… CSV-bestand gegenereerd: /home/larsg/projects/data-workflow/transformed_data/combined.csv
ðŸ“Š Laatste 10 datapunten:
                    timestamp  temperature  total_free_bikes
9   2025-11-14T15:00:01+01:00         14.1               540
10  2025-11-14T15:15:08+01:00         14.1               538
11  2025-11-14T15:30:02+01:00         14.4               541
12  2025-11-14T15:45:01+01:00         14.4               540
13  2025-11-14T16:00:01+01:00         14.4               540
14  2025-11-14T16:15:01+01:00         14.4               545
15  2025-11-14T16:30:02+01:00         14.6               552
16  2025-11-14T16:45:01+01:00         14.7               551
17  2025-11-14T17:00:01+01:00         14.7               553
18  2025-11-14T17:15:02+01:00         14.5               557

ðŸ“ˆ Statistieken:
Gemiddelde temperatuur: 14.27 Â°C
Gemiddeld aantal vrije fietsen: 542
Correlatie tussen temperatuur en vrije fietsen: 0.56
Mean Squared Error (MSE): 45.6261

ðŸ“ Grafiek opgeslagen in: /home/larsg/projects/data-workflow/reports/fiets_vs_temp.png
ðŸ“ Grafiek opgeslagen in: /home/larsg/projects/data-workflow/reports/fiets_vs_uur.png
ðŸ“ PDF-rapport opgeslagen in: /home/larsg/projects/data-workflow/reports/report.pdf
[main b6441b9] Automatische update 2025-11-14 17:15:07
 6 files changed, 50 insertions(+), 25 deletions(-)
To github.com:LarsGeirnaert/hogenttin-linux-2526-LarsGeirnaert.git
   8477202..b6441b9  main -> main
ðŸ“¥ Data ophalen...
âœ… CSV-bestand gegenereerd: /home/larsg/projects/data-workflow/transformed_data/combined.csv
ðŸ“Š Laatste 10 datapunten:
                    timestamp  temperature  total_free_bikes
10  2025-11-14T15:15:08+01:00         14.1               538
11  2025-11-14T15:30:02+01:00         14.4               541
12  2025-11-14T15:45:01+01:00         14.4               540
13  2025-11-14T16:00:01+01:00         14.4               540
14  2025-11-14T16:15:01+01:00         14.4               545
15  2025-11-14T16:30:02+01:00         14.6               552
16  2025-11-14T16:45:01+01:00         14.7               551
17  2025-11-14T17:00:01+01:00         14.7               553
18  2025-11-14T17:15:02+01:00         14.5               557
19  2025-11-14T17:30:03+01:00         14.6               551

ðŸ“ˆ Statistieken:
Gemiddelde temperatuur: 14.29 Â°C
Gemiddeld aantal vrije fietsen: 542
Correlatie tussen temperatuur en vrije fietsen: 0.58
Mean Squared Error (MSE): 44.3159

ðŸ“ Grafiek opgeslagen in: /home/larsg/projects/data-workflow/reports/fiets_vs_temp.png
ðŸ“ Grafiek opgeslagen in: /home/larsg/projects/data-workflow/reports/fiets_vs_uur.png
ðŸ“ PDF-rapport opgeslagen in: /home/larsg/projects/data-workflow/reports/report.pdf
[main 9c03bfa] Automatische update 2025-11-14 17:30:09
 6 files changed, 55 insertions(+), 26 deletions(-)
To github.com:LarsGeirnaert/hogenttin-linux-2526-LarsGeirnaert.git
   b6441b9..9c03bfa  main -> main
ðŸ“¥ Data ophalen...
âœ… CSV-bestand gegenereerd: /home/larsg/projects/data-workflow/transformed_data/combined.csv
ðŸ“Š Laatste 10 datapunten:
                    timestamp  temperature  total_free_bikes
11  2025-11-14T15:30:02+01:00         14.4               541
12  2025-11-14T15:45:01+01:00         14.4               540
13  2025-11-14T16:00:01+01:00         14.4               540
14  2025-11-14T16:15:01+01:00         14.4               545
15  2025-11-14T16:30:02+01:00         14.6               552
16  2025-11-14T16:45:01+01:00         14.7               551
17  2025-11-14T17:00:01+01:00         14.7               553
18  2025-11-14T17:15:02+01:00         14.5               557
19  2025-11-14T17:30:03+01:00         14.6               551
20  2025-11-14T17:45:02+01:00         14.6               546

ðŸ“ˆ Statistieken:
Gemiddelde temperatuur: 14.30 Â°C
Gemiddeld aantal vrije fietsen: 543
Correlatie tussen temperatuur en vrije fietsen: 0.58
Mean Squared Error (MSE): 42.2752

ðŸ“ Grafiek opgeslagen in: /home/larsg/projects/data-workflow/reports/fiets_vs_temp.png
ðŸ“ Grafiek opgeslagen in: /home/larsg/projects/data-workflow/reports/fiets_vs_uur.png
ðŸ“ PDF-rapport opgeslagen in: /home/larsg/projects/data-workflow/reports/report.pdf
[main fed4851] Automatische update 2025-11-14 17:45:10
 6 files changed, 56 insertions(+), 27 deletions(-)
To github.com:LarsGeirnaert/hogenttin-linux-2526-LarsGeirnaert.git
   9c03bfa..fed4851  main -> main
ðŸ“¥ Data ophalen...
âœ… CSV-bestand gegenereerd: /home/larsg/projects/data-workflow/transformed_data/combined.csv
ðŸ“Š Laatste 10 datapunten:
                    timestamp  temperature  total_free_bikes
12  2025-11-14T15:45:01+01:00         14.4               540
13  2025-11-14T16:00:01+01:00         14.4               540
14  2025-11-14T16:15:01+01:00         14.4               545
15  2025-11-14T16:30:02+01:00         14.6               552
16  2025-11-14T16:45:01+01:00         14.7               551
17  2025-11-14T17:00:01+01:00         14.7               553
18  2025-11-14T17:15:02+01:00         14.5               557
19  2025-11-14T17:30:03+01:00         14.6               551
20  2025-11-14T17:45:02+01:00         14.6               546
21  2025-11-14T18:00:02+01:00         14.6               548

ðŸ“ˆ Statistieken:
Gemiddelde temperatuur: 14.31 Â°C
Gemiddeld aantal vrije fietsen: 543
Correlatie tussen temperatuur en vrije fietsen: 0.59
Mean Squared Error (MSE): 40.4524

ðŸ“ Grafiek opgeslagen in: /home/larsg/projects/data-workflow/reports/fiets_vs_temp.png
ðŸ“ Grafiek opgeslagen in: /home/larsg/projects/data-workflow/reports/fiets_vs_uur.png
ðŸ“ PDF-rapport opgeslagen in: /home/larsg/projects/data-workflow/reports/report.pdf
[main b44a65b] Automatische update 2025-11-14 18:00:21
 6 files changed, 55 insertions(+), 26 deletions(-)
To github.com:LarsGeirnaert/hogenttin-linux-2526-LarsGeirnaert.git
   fed4851..b44a65b  main -> main
ðŸ“¥ Data ophalen...
âœ… CSV-bestand gegenereerd: /home/larsg/projects/data-workflow/transformed_data/combined.csv
ðŸ“Š Laatste 10 datapunten:
                    timestamp  temperature  total_free_bikes
13  2025-11-14T16:00:01+01:00         14.4               540
14  2025-11-14T16:15:01+01:00         14.4               545
15  2025-11-14T16:30:02+01:00         14.6               552
16  2025-11-14T16:45:01+01:00         14.7               551
17  2025-11-14T17:00:01+01:00         14.7               553
18  2025-11-14T17:15:02+01:00         14.5               557
19  2025-11-14T17:30:03+01:00         14.6               551
20  2025-11-14T17:45:02+01:00         14.6               546
21  2025-11-14T18:00:02+01:00         14.6               548
22  2025-11-14T18:15:02+01:00         15.0               550

ðŸ“ˆ Statistieken:
Gemiddelde temperatuur: 14.34 Â°C
Gemiddeld aantal vrije fietsen: 543
Correlatie tussen temperatuur en vrije fietsen: 0.61
Mean Squared Error (MSE): 38.9417

ðŸ“ Grafiek opgeslagen in: /home/larsg/projects/data-workflow/reports/fiets_vs_temp.png
ðŸ“ Grafiek opgeslagen in: /home/larsg/projects/data-workflow/reports/fiets_vs_uur.png
ðŸ“ PDF-rapport opgeslagen in: /home/larsg/projects/data-workflow/reports/report.pdf
[main 137ec2e] Automatische update 2025-11-14 18:15:13
 6 files changed, 55 insertions(+), 26 deletions(-)
To github.com:LarsGeirnaert/hogenttin-linux-2526-LarsGeirnaert.git
   b44a65b..137ec2e  main -> main
ðŸ“¥ Data ophalen...
âœ… CSV-bestand gegenereerd: /home/larsg/projects/data-workflow/transformed_data/combined.csv
ðŸ“Š Laatste 10 datapunten:
                    timestamp  temperature  total_free_bikes
14  2025-11-14T16:15:01+01:00         14.4               545
15  2025-11-14T16:30:02+01:00         14.6               552
16  2025-11-14T16:45:01+01:00         14.7               551
17  2025-11-14T17:00:01+01:00         14.7               553
18  2025-11-14T17:15:02+01:00         14.5               557
19  2025-11-14T17:30:03+01:00         14.6               551
20  2025-11-14T17:45:02+01:00         14.6               546
21  2025-11-14T18:00:02+01:00         14.6               548
22  2025-11-14T18:15:02+01:00         15.0               550
23  2025-11-14T18:30:02+01:00         14.8               541

ðŸ“ˆ Statistieken:
Gemiddelde temperatuur: 14.36 Â°C
Gemiddeld aantal vrije fietsen: 543
Correlatie tussen temperatuur en vrije fietsen: 0.57
Mean Squared Error (MSE): 39.9801

ðŸ“ Grafiek opgeslagen in: /home/larsg/projects/data-workflow/reports/fiets_vs_temp.png
ðŸ“ Grafiek opgeslagen in: /home/larsg/projects/data-workflow/reports/fiets_vs_uur.png
ðŸ“ PDF-rapport opgeslagen in: /home/larsg/projects/data-workflow/reports/report.pdf
[main 45bba14] Automatische update 2025-11-14 18:30:09
 6 files changed, 54 insertions(+), 25 deletions(-)
To github.com:LarsGeirnaert/hogenttin-linux-2526-LarsGeirnaert.git
   137ec2e..45bba14  main -> main
ðŸ“¥ Data ophalen...
âœ… CSV-bestand gegenereerd: /home/larsg/projects/data-workflow/transformed_data/combined.csv
ðŸ“Š Laatste 10 datapunten:
                    timestamp  temperature  total_free_bikes
15  2025-11-14T16:30:02+01:00         14.6               552
16  2025-11-14T16:45:01+01:00         14.7               551
17  2025-11-14T17:00:01+01:00         14.7               553
18  2025-11-14T17:15:02+01:00         14.5               557
19  2025-11-14T17:30:03+01:00         14.6               551
20  2025-11-14T17:45:02+01:00         14.6               546
21  2025-11-14T18:00:02+01:00         14.6               548
22  2025-11-14T18:15:02+01:00         15.0               550
23  2025-11-14T18:30:02+01:00         14.8               541
24  2025-11-14T18:45:02+01:00         14.6               540

ðŸ“ˆ Statistieken:
Gemiddelde temperatuur: 14.37 Â°C
Gemiddeld aantal vrije fietsen: 543
Correlatie tussen temperatuur en vrije fietsen: 0.56
Mean Squared Error (MSE): 39.7947

ðŸ“ Grafiek opgeslagen in: /home/larsg/projects/data-workflow/reports/fiets_vs_temp.png
ðŸ“ Grafiek opgeslagen in: /home/larsg/projects/data-workflow/reports/fiets_vs_uur.png
ðŸ“ PDF-rapport opgeslagen in: /home/larsg/projects/data-workflow/reports/report.pdf
[main 6881aa4] Automatische update 2025-11-14 18:45:07
 6 files changed, 55 insertions(+), 26 deletions(-)
To github.com:LarsGeirnaert/hogenttin-linux-2526-LarsGeirnaert.git
   45bba14..6881aa4  main -> main
ðŸ“¥ Data ophalen...
âœ… CSV-bestand gegenereerd: /home/larsg/projects/data-workflow/transformed_data/combined.csv
ðŸ“Š Laatste 10 datapunten:
                    timestamp  temperature  total_free_bikes
16  2025-11-14T16:45:01+01:00         14.7               551
17  2025-11-14T17:00:01+01:00         14.7               553
18  2025-11-14T17:15:02+01:00         14.5               557
19  2025-11-14T17:30:03+01:00         14.6               551
20  2025-11-14T17:45:02+01:00         14.6               546
21  2025-11-14T18:00:02+01:00         14.6               548
22  2025-11-14T18:15:02+01:00         15.0               550
23  2025-11-14T18:30:02+01:00         14.8               541
24  2025-11-14T18:45:02+01:00         14.6               540
25  2025-11-14T19:00:02+01:00         14.4               535

ðŸ“ˆ Statistieken:
Gemiddelde temperatuur: 14.37 Â°C
Gemiddeld aantal vrije fietsen: 543
Correlatie tussen temperatuur en vrije fietsen: 0.54
Mean Squared Error (MSE): 41.0720

ðŸ“ Grafiek opgeslagen in: /home/larsg/projects/data-workflow/reports/fiets_vs_temp.png
ðŸ“ Grafiek opgeslagen in: /home/larsg/projects/data-workflow/reports/fiets_vs_uur.png
ðŸ“ PDF-rapport opgeslagen in: /home/larsg/projects/data-workflow/reports/report.pdf
[main 39bcbb6] Automatische update 2025-11-14 19:00:09
 6 files changed, 53 insertions(+), 24 deletions(-)
To github.com:LarsGeirnaert/hogenttin-linux-2526-LarsGeirnaert.git
   6881aa4..39bcbb6  main -> main
ðŸ“¥ Data ophalen...
âœ… CSV-bestand gegenereerd: /home/larsg/projects/data-workflow/transformed_data/combined.csv
ðŸ“Š Laatste 10 datapunten:
                    timestamp  temperature  total_free_bikes
17  2025-11-14T17:00:01+01:00         14.7               553
18  2025-11-14T17:15:02+01:00         14.5               557
19  2025-11-14T17:30:03+01:00         14.6               551
20  2025-11-14T17:45:02+01:00         14.6               546
21  2025-11-14T18:00:02+01:00         14.6               548
22  2025-11-14T18:15:02+01:00         15.0               550
23  2025-11-14T18:30:02+01:00         14.8               541
24  2025-11-14T18:45:02+01:00         14.6               540
25  2025-11-14T19:00:02+01:00         14.4               535
26  2025-11-14T19:15:03+01:00         14.4               535

ðŸ“ˆ Statistieken:
Gemiddelde temperatuur: 14.37 Â°C
Gemiddeld aantal vrije fietsen: 542
Correlatie tussen temperatuur en vrije fietsen: 0.53
Mean Squared Error (MSE): 41.6455

ðŸ“ Grafiek opgeslagen in: /home/larsg/projects/data-workflow/reports/fiets_vs_temp.png
ðŸ“ Grafiek opgeslagen in: /home/larsg/projects/data-workflow/reports/fiets_vs_uur.png
ðŸ“ PDF-rapport opgeslagen in: /home/larsg/projects/data-workflow/reports/report.pdf
[main 9369312] Automatische update 2025-11-14 19:15:11
 6 files changed, 54 insertions(+), 25 deletions(-)
To github.com:LarsGeirnaert/hogenttin-linux-2526-LarsGeirnaert.git
   39bcbb6..9369312  main -> main
ðŸ“¥ Data ophalen...
âœ… CSV-bestand gegenereerd: /home/larsg/projects/data-workflow/transformed_data/combined.csv
ðŸ“Š Laatste 10 datapunten:
                    timestamp  temperature  total_free_bikes
18  2025-11-14T17:15:02+01:00         14.5               557
19  2025-11-14T17:30:03+01:00         14.6               551
20  2025-11-14T17:45:02+01:00         14.6               546
21  2025-11-14T18:00:02+01:00         14.6               548
22  2025-11-14T18:15:02+01:00         15.0               550
23  2025-11-14T18:30:02+01:00         14.8               541
24  2025-11-14T18:45:02+01:00         14.6               540
25  2025-11-14T19:00:02+01:00         14.4               535
26  2025-11-14T19:15:03+01:00         14.4               535
27  2025-11-14T19:30:02+01:00         14.9               542

ðŸ“ˆ Statistieken:
Gemiddelde temperatuur: 14.39 Â°C
Gemiddeld aantal vrije fietsen: 542
Correlatie tussen temperatuur en vrije fietsen: 0.50
Mean Squared Error (MSE): 41.6282

ðŸ“ Grafiek opgeslagen in: /home/larsg/projects/data-workflow/reports/fiets_vs_temp.png
ðŸ“ Grafiek opgeslagen in: /home/larsg/projects/data-workflow/reports/fiets_vs_uur.png
ðŸ“ PDF-rapport opgeslagen in: /home/larsg/projects/data-workflow/reports/report.pdf
[main 0dbbcc5] Automatische update 2025-11-14 19:30:10
 6 files changed, 54 insertions(+), 25 deletions(-)
To github.com:LarsGeirnaert/hogenttin-linux-2526-LarsGeirnaert.git
   9369312..0dbbcc5  main -> main
ðŸ“¥ Data ophalen...
âœ… CSV-bestand gegenereerd: /home/larsg/projects/data-workflow/transformed_data/combined.csv
ðŸ“Š Laatste 10 datapunten:
                    timestamp  temperature  total_free_bikes
19  2025-11-14T17:30:03+01:00         14.6               551
20  2025-11-14T17:45:02+01:00         14.6               546
21  2025-11-14T18:00:02+01:00         14.6               548
22  2025-11-14T18:15:02+01:00         15.0               550
23  2025-11-14T18:30:02+01:00         14.8               541
24  2025-11-14T18:45:02+01:00         14.6               540
25  2025-11-14T19:00:02+01:00         14.4               535
26  2025-11-14T19:15:03+01:00         14.4               535
27  2025-11-14T19:30:02+01:00         14.9               542
28  2025-11-14T19:45:02+01:00         14.9               546

ðŸ“ˆ Statistieken:
Gemiddelde temperatuur: 14.41 Â°C
Gemiddeld aantal vrije fietsen: 543
Correlatie tussen temperatuur en vrije fietsen: 0.50
Mean Squared Error (MSE): 40.3306

ðŸ“ Grafiek opgeslagen in: /home/larsg/projects/data-workflow/reports/fiets_vs_temp.png
ðŸ“ Grafiek opgeslagen in: /home/larsg/projects/data-workflow/reports/fiets_vs_uur.png
ðŸ“ PDF-rapport opgeslagen in: /home/larsg/projects/data-workflow/reports/report.pdf
[main 349d032] Automatische update 2025-11-14 19:45:27
 6 files changed, 54 insertions(+), 25 deletions(-)
To github.com:LarsGeirnaert/hogenttin-linux-2526-LarsGeirnaert.git
   0dbbcc5..349d032  main -> main
ðŸ“¥ Data ophalen...
âœ… CSV-bestand gegenereerd: /home/larsg/projects/data-workflow/transformed_data/combined.csv
ðŸ“Š Laatste 10 datapunten:
                    timestamp  temperature  total_free_bikes
20  2025-11-14T17:45:02+01:00         14.6               546
21  2025-11-14T18:00:02+01:00         14.6               548
22  2025-11-14T18:15:02+01:00         15.0               550
23  2025-11-14T18:30:02+01:00         14.8               541
24  2025-11-14T18:45:02+01:00         14.6               540
25  2025-11-14T19:00:02+01:00         14.4               535
26  2025-11-14T19:15:03+01:00         14.4               535
27  2025-11-14T19:30:02+01:00         14.9               542
28  2025-11-14T19:45:02+01:00         14.9               546
29  2025-11-14T20:00:03+01:00         14.9               542

ðŸ“ˆ Statistieken:
Gemiddelde temperatuur: 14.42 Â°C
Gemiddeld aantal vrije fietsen: 542
Correlatie tussen temperatuur en vrije fietsen: 0.49
Mean Squared Error (MSE): 39.8449

ðŸ“ Grafiek opgeslagen in: /home/larsg/projects/data-workflow/reports/fiets_vs_temp.png
ðŸ“ Grafiek opgeslagen in: /home/larsg/projects/data-workflow/reports/fiets_vs_uur.png
ðŸ“ PDF-rapport opgeslagen in: /home/larsg/projects/data-workflow/reports/report.pdf
[main b34a38e] Automatische update 2025-11-14 20:00:10
 6 files changed, 55 insertions(+), 26 deletions(-)
To github.com:LarsGeirnaert/hogenttin-linux-2526-LarsGeirnaert.git
   349d032..b34a38e  main -> main
ðŸ“¥ Data ophalen...
âœ… CSV-bestand gegenereerd: /home/larsg/projects/data-workflow/transformed_data/combined.csv
ðŸ“Š Laatste 10 datapunten:
                    timestamp  temperature  total_free_bikes
21  2025-11-14T18:00:02+01:00         14.6               548
22  2025-11-14T18:15:02+01:00         15.0               550
23  2025-11-14T18:30:02+01:00         14.8               541
24  2025-11-14T18:45:02+01:00         14.6               540
25  2025-11-14T19:00:02+01:00         14.4               535
26  2025-11-14T19:15:03+01:00         14.4               535
27  2025-11-14T19:30:02+01:00         14.9               542
28  2025-11-14T19:45:02+01:00         14.9               546
29  2025-11-14T20:00:03+01:00         14.9               542
30  2025-11-14T20:15:03+01:00         15.0               542

ðŸ“ˆ Statistieken:
Gemiddelde temperatuur: 14.44 Â°C
Gemiddeld aantal vrije fietsen: 542
Correlatie tussen temperatuur en vrije fietsen: 0.46
Mean Squared Error (MSE): 39.7447

ðŸ“ Grafiek opgeslagen in: /home/larsg/projects/data-workflow/reports/fiets_vs_temp.png
ðŸ“ Grafiek opgeslagen in: /home/larsg/projects/data-workflow/reports/fiets_vs_uur.png
ðŸ“ PDF-rapport opgeslagen in: /home/larsg/projects/data-workflow/reports/report.pdf
[main 06d5720] Automatische update 2025-11-14 20:15:09
 6 files changed, 54 insertions(+), 25 deletions(-)
To github.com:LarsGeirnaert/hogenttin-linux-2526-LarsGeirnaert.git
   b34a38e..06d5720  main -> main
ðŸ“¥ Data ophalen...
âœ… CSV-bestand gegenereerd: /home/larsg/projects/data-workflow/transformed_data/combined.csv
ðŸ“Š Laatste 10 datapunten:
                    timestamp  temperature  total_free_bikes
22  2025-11-14T18:15:02+01:00         15.0               550
23  2025-11-14T18:30:02+01:00         14.8               541
24  2025-11-14T18:45:02+01:00         14.6               540
25  2025-11-14T19:00:02+01:00         14.4               535
26  2025-11-14T19:15:03+01:00         14.4               535
27  2025-11-14T19:30:02+01:00         14.9               542
28  2025-11-14T19:45:02+01:00         14.9               546
29  2025-11-14T20:00:03+01:00         14.9               542
30  2025-11-14T20:15:03+01:00         15.0               542
31  2025-11-14T20:30:03+01:00         14.6               542

ðŸ“ˆ Statistieken:
Gemiddelde temperatuur: 14.45 Â°C
Gemiddeld aantal vrije fietsen: 542
Correlatie tussen temperatuur en vrije fietsen: 0.46
Mean Squared Error (MSE): 38.5826

ðŸ“ Grafiek opgeslagen in: /home/larsg/projects/data-workflow/reports/fiets_vs_temp.png
ðŸ“ Grafiek opgeslagen in: /home/larsg/projects/data-workflow/reports/fiets_vs_uur.png
ðŸ“ PDF-rapport opgeslagen in: /home/larsg/projects/data-workflow/reports/report.pdf
[main 1f3eab7] Automatische update 2025-11-14 20:30:28
 6 files changed, 54 insertions(+), 25 deletions(-)
To github.com:LarsGeirnaert/hogenttin-linux-2526-LarsGeirnaert.git
   06d5720..1f3eab7  main -> main
ðŸ“¥ Data ophalen...
âœ… CSV-bestand gegenereerd: /home/larsg/projects/data-workflow/transformed_data/combined.csv
ðŸ“Š Laatste 10 datapunten:
                    timestamp  temperature  total_free_bikes
23  2025-11-14T18:30:02+01:00         14.8               541
24  2025-11-14T18:45:02+01:00         14.6               540
25  2025-11-14T19:00:02+01:00         14.4               535
26  2025-11-14T19:15:03+01:00         14.4               535
27  2025-11-14T19:30:02+01:00         14.9               542
28  2025-11-14T19:45:02+01:00         14.9               546
29  2025-11-14T20:00:03+01:00         14.9               542
30  2025-11-14T20:15:03+01:00         15.0               542
31  2025-11-14T20:30:03+01:00         14.6               542
32  2025-11-14T20:45:02+01:00         14.5               543

ðŸ“ˆ Statistieken:
Gemiddelde temperatuur: 14.45 Â°C
Gemiddeld aantal vrije fietsen: 542
Correlatie tussen temperatuur en vrije fietsen: 0.46
Mean Squared Error (MSE): 37.4191

ðŸ“ Grafiek opgeslagen in: /home/larsg/projects/data-workflow/reports/fiets_vs_temp.png
ðŸ“ Grafiek opgeslagen in: /home/larsg/projects/data-workflow/reports/fiets_vs_uur.png
ðŸ“ PDF-rapport opgeslagen in: /home/larsg/projects/data-workflow/reports/report.pdf
[main af3ff41] Automatische update 2025-11-14 20:45:08
 6 files changed, 52 insertions(+), 23 deletions(-)
To github.com:LarsGeirnaert/hogenttin-linux-2526-LarsGeirnaert.git
   1f3eab7..af3ff41  main -> main
ðŸ“¥ Data ophalen...
âœ… CSV-bestand gegenereerd: /home/larsg/projects/data-workflow/transformed_data/combined.csv
ðŸ“Š Laatste 10 datapunten:
                    timestamp  temperature  total_free_bikes
24  2025-11-14T18:45:02+01:00         14.6               540
25  2025-11-14T19:00:02+01:00         14.4               535
26  2025-11-14T19:15:03+01:00         14.4               535
27  2025-11-14T19:30:02+01:00         14.9               542
28  2025-11-14T19:45:02+01:00         14.9               546
29  2025-11-14T20:00:03+01:00         14.9               542
30  2025-11-14T20:15:03+01:00         15.0               542
31  2025-11-14T20:30:03+01:00         14.6               542
32  2025-11-14T20:45:02+01:00         14.5               543
33  2025-11-14T21:00:02+01:00         14.4               544

ðŸ“ˆ Statistieken:
Gemiddelde temperatuur: 14.45 Â°C
Gemiddeld aantal vrije fietsen: 543
Correlatie tussen temperatuur en vrije fietsen: 0.46
Mean Squared Error (MSE): 36.3857

ðŸ“ Grafiek opgeslagen in: /home/larsg/projects/data-workflow/reports/fiets_vs_temp.png
ðŸ“ Grafiek opgeslagen in: /home/larsg/projects/data-workflow/reports/fiets_vs_uur.png
ðŸ“ PDF-rapport opgeslagen in: /home/larsg/projects/data-workflow/reports/report.pdf
[main 2f854c4] Automatische update 2025-11-14 21:00:09
 6 files changed, 53 insertions(+), 24 deletions(-)
To github.com:LarsGeirnaert/hogenttin-linux-2526-LarsGeirnaert.git
   af3ff41..2f854c4  main -> main
ðŸ“¥ Data ophalen...
âœ… CSV-bestand gegenereerd: /home/larsg/projects/data-workflow/transformed_data/combined.csv
ðŸ“Š Laatste 10 datapunten:
                    timestamp  temperature  total_free_bikes
25  2025-11-14T19:00:02+01:00         14.4               535
26  2025-11-14T19:15:03+01:00         14.4               535
27  2025-11-14T19:30:02+01:00         14.9               542
28  2025-11-14T19:45:02+01:00         14.9               546
29  2025-11-14T20:00:03+01:00         14.9               542
30  2025-11-14T20:15:03+01:00         15.0               542
31  2025-11-14T20:30:03+01:00         14.6               542
32  2025-11-14T20:45:02+01:00         14.5               543
33  2025-11-14T21:00:02+01:00         14.4               544
34  2025-11-14T21:15:01+01:00         14.4               540

ðŸ“ˆ Statistieken:
Gemiddelde temperatuur: 14.45 Â°C
Gemiddeld aantal vrije fietsen: 542
Correlatie tussen temperatuur en vrije fietsen: 0.46
Mean Squared Error (MSE): 35.5233

ðŸ“ Grafiek opgeslagen in: /home/larsg/projects/data-workflow/reports/fiets_vs_temp.png
ðŸ“ Grafiek opgeslagen in: /home/larsg/projects/data-workflow/reports/fiets_vs_uur.png
ðŸ“ PDF-rapport opgeslagen in: /home/larsg/projects/data-workflow/reports/report.pdf
[main 108e716] Automatische update 2025-11-14 21:15:08
 6 files changed, 53 insertions(+), 24 deletions(-)
To github.com:LarsGeirnaert/hogenttin-linux-2526-LarsGeirnaert.git
   2f854c4..108e716  main -> main
ðŸ“¥ Data ophalen...
âœ… CSV-bestand gegenereerd: /home/larsg/projects/data-workflow/transformed_data/combined.csv
ðŸ“Š Laatste 10 datapunten:
                    timestamp  temperature  total_free_bikes
26  2025-11-14T19:15:03+01:00         14.4               535
27  2025-11-14T19:30:02+01:00         14.9               542
28  2025-11-14T19:45:02+01:00         14.9               546
29  2025-11-14T20:00:03+01:00         14.9               542
30  2025-11-14T20:15:03+01:00         15.0               542
31  2025-11-14T20:30:03+01:00         14.6               542
32  2025-11-14T20:45:02+01:00         14.5               543
33  2025-11-14T21:00:02+01:00         14.4               544
34  2025-11-14T21:15:01+01:00         14.4               540
35  2025-11-14T21:30:01+01:00         14.8               545

ðŸ“ˆ Statistieken:
Gemiddelde temperatuur: 14.46 Â°C
Gemiddeld aantal vrije fietsen: 543
Correlatie tussen temperatuur en vrije fietsen: 0.46
Mean Squared Error (MSE): 34.5611

ðŸ“ Grafiek opgeslagen in: /home/larsg/projects/data-workflow/reports/fiets_vs_temp.png
ðŸ“ Grafiek opgeslagen in: /home/larsg/projects/data-workflow/reports/fiets_vs_uur.png
ðŸ“ PDF-rapport opgeslagen in: /home/larsg/projects/data-workflow/reports/report.pdf
[main bbfd831] Automatische update 2025-11-14 21:30:08
 6 files changed, 56 insertions(+), 27 deletions(-)
To github.com:LarsGeirnaert/hogenttin-linux-2526-LarsGeirnaert.git
   108e716..bbfd831  main -> main
ðŸ“¥ Data ophalen...
âœ… CSV-bestand gegenereerd: /home/larsg/projects/data-workflow/transformed_data/combined.csv
ðŸ“Š Laatste 10 datapunten:
                    timestamp  temperature  total_free_bikes
27  2025-11-14T19:30:02+01:00         14.9               542
28  2025-11-14T19:45:02+01:00         14.9               546
29  2025-11-14T20:00:03+01:00         14.9               542
30  2025-11-14T20:15:03+01:00         15.0               542
31  2025-11-14T20:30:03+01:00         14.6               542
32  2025-11-14T20:45:02+01:00         14.5               543
33  2025-11-14T21:00:02+01:00         14.4               544
34  2025-11-14T21:15:01+01:00         14.4               540
35  2025-11-14T21:30:01+01:00         14.8               545
36  2025-11-14T21:45:01+01:00         14.9               543

ðŸ“ˆ Statistieken:
Gemiddelde temperatuur: 14.47 Â°C
Gemiddeld aantal vrije fietsen: 543
Correlatie tussen temperatuur en vrije fietsen: 0.46
Mean Squared Error (MSE): 33.9120

ðŸ“ Grafiek opgeslagen in: /home/larsg/projects/data-workflow/reports/fiets_vs_temp.png
ðŸ“ Grafiek opgeslagen in: /home/larsg/projects/data-workflow/reports/fiets_vs_uur.png
ðŸ“ PDF-rapport opgeslagen in: /home/larsg/projects/data-workflow/reports/report.pdf
[main e032e19] Automatische update 2025-11-14 21:45:10
 6 files changed, 53 insertions(+), 24 deletions(-)
To github.com:LarsGeirnaert/hogenttin-linux-2526-LarsGeirnaert.git
   bbfd831..e032e19  main -> main
