âœ… CSV-bestand gegenereerd: /home/larsg/projects/data-workflow/transformed_data/combined.csv
Traceback (most recent call last):
  File "/home/larsg/projects/data-workflow/scripts/analyze_data.py", line 4, in <module>
    import pandas as pd
ModuleNotFoundError: No module named 'pandas'
Traceback (most recent call last):
  File "/home/larsg/projects/data-workflow/scripts/generate_report.py", line 1, in <module>
    import pandas as pd
ModuleNotFoundError: No module named 'pandas'
On branch main
Your branch is up to date with 'origin/main'.

Changes not staged for commit:
  (use "git add <file>..." to update what will be committed)
  (use "git restore <file>..." to discard changes in working directory)
	modified:   logs/cron_test.log
	modified:   scripts/analyze_data.py

Untracked files:
  (use "git add <file>..." to include in what will be committed)
	logs/cron.log
	venv/lib/python3.12/site-packages/__pycache__/threadpoolctl.cpython-312.pyc
	venv/lib/python3.12/site-packages/joblib-1.5.2.dist-info/
	venv/lib/python3.12/site-packages/joblib/
	venv/lib/python3.12/site-packages/scikit_learn-1.7.2.dist-info/
	venv/lib/python3.12/site-packages/scikit_learn.libs/
	venv/lib/python3.12/site-packages/scipy-1.16.3.dist-info/
	venv/lib/python3.12/site-packages/scipy.libs/
	venv/lib/python3.12/site-packages/scipy/
	venv/lib/python3.12/site-packages/sklearn/
	venv/lib/python3.12/site-packages/threadpoolctl-3.6.0.dist-info/
	venv/lib/python3.12/site-packages/threadpoolctl.py

no changes added to commit (use "git add" and/or "git commit -a")
Everything up-to-date
âœ… CSV-bestand gegenereerd: /home/larsg/projects/data-workflow/transformed_data/combined.csv
Traceback (most recent call last):
  File "/home/larsg/projects/data-workflow/scripts/analyze_data.py", line 4, in <module>
    import pandas as pd
ModuleNotFoundError: No module named 'pandas'
Traceback (most recent call last):
  File "/home/larsg/projects/data-workflow/scripts/generate_report.py", line 1, in <module>
    import pandas as pd
ModuleNotFoundError: No module named 'pandas'
On branch main
Your branch is up to date with 'origin/main'.

Changes not staged for commit:
  (use "git add <file>..." to update what will be committed)
  (use "git restore <file>..." to discard changes in working directory)
	modified:   logs/cron_test.log
	modified:   scripts/analyze_data.py

Untracked files:
  (use "git add <file>..." to include in what will be committed)
	logs/cron.log
	venv/lib/python3.12/site-packages/__pycache__/threadpoolctl.cpython-312.pyc
	venv/lib/python3.12/site-packages/joblib-1.5.2.dist-info/
	venv/lib/python3.12/site-packages/joblib/
	venv/lib/python3.12/site-packages/scikit_learn-1.7.2.dist-info/
	venv/lib/python3.12/site-packages/scikit_learn.libs/
	venv/lib/python3.12/site-packages/scipy-1.16.3.dist-info/
	venv/lib/python3.12/site-packages/scipy.libs/
	venv/lib/python3.12/site-packages/scipy/
	venv/lib/python3.12/site-packages/sklearn/
	venv/lib/python3.12/site-packages/threadpoolctl-3.6.0.dist-info/
	venv/lib/python3.12/site-packages/threadpoolctl.py

no changes added to commit (use "git add" and/or "git commit -a")
Everything up-to-date
âœ… CSV-bestand gegenereerd: /home/larsg/projects/data-workflow/transformed_data/combined.csv
Traceback (most recent call last):
  File "/home/larsg/projects/data-workflow/scripts/analyze_data.py", line 4, in <module>
    import pandas as pd
ModuleNotFoundError: No module named 'pandas'
Traceback (most recent call last):
  File "/home/larsg/projects/data-workflow/scripts/generate_report.py", line 1, in <module>
    import pandas as pd
ModuleNotFoundError: No module named 'pandas'
On branch main
Your branch is up to date with 'origin/main'.

Changes not staged for commit:
  (use "git add <file>..." to update what will be committed)
  (use "git restore <file>..." to discard changes in working directory)
	modified:   logs/cron_test.log
	modified:   scripts/analyze_data.py

Untracked files:
  (use "git add <file>..." to include in what will be committed)
	logs/cron.log
	venv/lib/python3.12/site-packages/__pycache__/threadpoolctl.cpython-312.pyc
	venv/lib/python3.12/site-packages/joblib-1.5.2.dist-info/
	venv/lib/python3.12/site-packages/joblib/
	venv/lib/python3.12/site-packages/scikit_learn-1.7.2.dist-info/
	venv/lib/python3.12/site-packages/scikit_learn.libs/
	venv/lib/python3.12/site-packages/scipy-1.16.3.dist-info/
	venv/lib/python3.12/site-packages/scipy.libs/
	venv/lib/python3.12/site-packages/scipy/
	venv/lib/python3.12/site-packages/sklearn/
	venv/lib/python3.12/site-packages/threadpoolctl-3.6.0.dist-info/
	venv/lib/python3.12/site-packages/threadpoolctl.py

no changes added to commit (use "git add" and/or "git commit -a")
Everything up-to-date
âœ… CSV-bestand gegenereerd: /home/larsg/projects/data-workflow/transformed_data/combined.csv
Traceback (most recent call last):
  File "/home/larsg/projects/data-workflow/scripts/analyze_data.py", line 4, in <module>
    import pandas as pd
ModuleNotFoundError: No module named 'pandas'
Traceback (most recent call last):
  File "/home/larsg/projects/data-workflow/scripts/generate_report.py", line 1, in <module>
    import pandas as pd
ModuleNotFoundError: No module named 'pandas'
On branch main
Your branch is up to date with 'origin/main'.

Changes not staged for commit:
  (use "git add <file>..." to update what will be committed)
  (use "git restore <file>..." to discard changes in working directory)
	modified:   logs/cron_test.log
	modified:   scripts/analyze_data.py

Untracked files:
  (use "git add <file>..." to include in what will be committed)
	logs/cron.log
	venv/lib/python3.12/site-packages/__pycache__/threadpoolctl.cpython-312.pyc
	venv/lib/python3.12/site-packages/joblib-1.5.2.dist-info/
	venv/lib/python3.12/site-packages/joblib/
	venv/lib/python3.12/site-packages/scikit_learn-1.7.2.dist-info/
	venv/lib/python3.12/site-packages/scikit_learn.libs/
	venv/lib/python3.12/site-packages/scipy-1.16.3.dist-info/
	venv/lib/python3.12/site-packages/scipy.libs/
	venv/lib/python3.12/site-packages/scipy/
	venv/lib/python3.12/site-packages/sklearn/
	venv/lib/python3.12/site-packages/threadpoolctl-3.6.0.dist-info/
	venv/lib/python3.12/site-packages/threadpoolctl.py

no changes added to commit (use "git add" and/or "git commit -a")
Everything up-to-date
âœ… CSV-bestand gegenereerd: /home/larsg/projects/data-workflow/transformed_data/combined.csv
Traceback (most recent call last):
  File "/home/larsg/projects/data-workflow/scripts/analyze_data.py", line 4, in <module>
    import pandas as pd
ModuleNotFoundError: No module named 'pandas'
Traceback (most recent call last):
  File "/home/larsg/projects/data-workflow/scripts/generate_report.py", line 1, in <module>
    import pandas as pd
ModuleNotFoundError: No module named 'pandas'
On branch main
Your branch is up to date with 'origin/main'.

Changes not staged for commit:
  (use "git add <file>..." to update what will be committed)
  (use "git restore <file>..." to discard changes in working directory)
	modified:   logs/cron_test.log
	modified:   scripts/analyze_data.py

Untracked files:
  (use "git add <file>..." to include in what will be committed)
	logs/cron.log
	venv/lib/python3.12/site-packages/__pycache__/threadpoolctl.cpython-312.pyc
	venv/lib/python3.12/site-packages/joblib-1.5.2.dist-info/
	venv/lib/python3.12/site-packages/joblib/
	venv/lib/python3.12/site-packages/scikit_learn-1.7.2.dist-info/
	venv/lib/python3.12/site-packages/scikit_learn.libs/
	venv/lib/python3.12/site-packages/scipy-1.16.3.dist-info/
	venv/lib/python3.12/site-packages/scipy.libs/
	venv/lib/python3.12/site-packages/scipy/
	venv/lib/python3.12/site-packages/sklearn/
	venv/lib/python3.12/site-packages/threadpoolctl-3.6.0.dist-info/
	venv/lib/python3.12/site-packages/threadpoolctl.py

no changes added to commit (use "git add" and/or "git commit -a")
Everything up-to-date
âœ… CSV-bestand gegenereerd: /home/larsg/projects/data-workflow/transformed_data/combined.csv
Traceback (most recent call last):
  File "/home/larsg/projects/data-workflow/scripts/analyze_data.py", line 4, in <module>
    import pandas as pd
ModuleNotFoundError: No module named 'pandas'
Traceback (most recent call last):
  File "/home/larsg/projects/data-workflow/scripts/generate_report.py", line 1, in <module>
    import pandas as pd
ModuleNotFoundError: No module named 'pandas'
On branch main
Your branch is up to date with 'origin/main'.

Changes not staged for commit:
  (use "git add <file>..." to update what will be committed)
  (use "git restore <file>..." to discard changes in working directory)
	modified:   logs/cron_test.log
	modified:   scripts/analyze_data.py

Untracked files:
  (use "git add <file>..." to include in what will be committed)
	logs/cron.log
	venv/lib/python3.12/site-packages/__pycache__/threadpoolctl.cpython-312.pyc
	venv/lib/python3.12/site-packages/joblib-1.5.2.dist-info/
	venv/lib/python3.12/site-packages/joblib/
	venv/lib/python3.12/site-packages/scikit_learn-1.7.2.dist-info/
	venv/lib/python3.12/site-packages/scikit_learn.libs/
	venv/lib/python3.12/site-packages/scipy-1.16.3.dist-info/
	venv/lib/python3.12/site-packages/scipy.libs/
	venv/lib/python3.12/site-packages/scipy/
	venv/lib/python3.12/site-packages/sklearn/
	venv/lib/python3.12/site-packages/threadpoolctl-3.6.0.dist-info/
	venv/lib/python3.12/site-packages/threadpoolctl.py

no changes added to commit (use "git add" and/or "git commit -a")
Everything up-to-date
âœ… CSV-bestand gegenereerd: /home/larsg/projects/data-workflow/transformed_data/combined.csv
Traceback (most recent call last):
  File "/home/larsg/projects/data-workflow/scripts/analyze_data.py", line 4, in <module>
    import pandas as pd
ModuleNotFoundError: No module named 'pandas'
Traceback (most recent call last):
  File "/home/larsg/projects/data-workflow/scripts/generate_report.py", line 1, in <module>
    import pandas as pd
ModuleNotFoundError: No module named 'pandas'
On branch main
Your branch is up to date with 'origin/main'.

Changes not staged for commit:
  (use "git add <file>..." to update what will be committed)
  (use "git restore <file>..." to discard changes in working directory)
	modified:   logs/cron_test.log
	modified:   scripts/analyze_data.py

Untracked files:
  (use "git add <file>..." to include in what will be committed)
	logs/cron.log
	venv/lib/python3.12/site-packages/__pycache__/threadpoolctl.cpython-312.pyc
	venv/lib/python3.12/site-packages/joblib-1.5.2.dist-info/
	venv/lib/python3.12/site-packages/joblib/
	venv/lib/python3.12/site-packages/scikit_learn-1.7.2.dist-info/
	venv/lib/python3.12/site-packages/scikit_learn.libs/
	venv/lib/python3.12/site-packages/scipy-1.16.3.dist-info/
	venv/lib/python3.12/site-packages/scipy.libs/
	venv/lib/python3.12/site-packages/scipy/
	venv/lib/python3.12/site-packages/sklearn/
	venv/lib/python3.12/site-packages/threadpoolctl-3.6.0.dist-info/
	venv/lib/python3.12/site-packages/threadpoolctl.py

no changes added to commit (use "git add" and/or "git commit -a")
Everything up-to-date
âœ… CSV-bestand gegenereerd: /home/larsg/projects/data-workflow/transformed_data/combined.csv
Traceback (most recent call last):
  File "/home/larsg/projects/data-workflow/scripts/analyze_data.py", line 4, in <module>
    import pandas as pd
ModuleNotFoundError: No module named 'pandas'
Traceback (most recent call last):
  File "/home/larsg/projects/data-workflow/scripts/generate_report.py", line 1, in <module>
    import pandas as pd
ModuleNotFoundError: No module named 'pandas'
On branch main
Your branch is up to date with 'origin/main'.

Changes not staged for commit:
  (use "git add <file>..." to update what will be committed)
  (use "git restore <file>..." to discard changes in working directory)
	modified:   logs/cron_test.log
	modified:   scripts/analyze_data.py

Untracked files:
  (use "git add <file>..." to include in what will be committed)
	logs/cron.log
	venv/lib/python3.12/site-packages/__pycache__/threadpoolctl.cpython-312.pyc
	venv/lib/python3.12/site-packages/joblib-1.5.2.dist-info/
	venv/lib/python3.12/site-packages/joblib/
	venv/lib/python3.12/site-packages/scikit_learn-1.7.2.dist-info/
	venv/lib/python3.12/site-packages/scikit_learn.libs/
	venv/lib/python3.12/site-packages/scipy-1.16.3.dist-info/
	venv/lib/python3.12/site-packages/scipy.libs/
	venv/lib/python3.12/site-packages/scipy/
	venv/lib/python3.12/site-packages/sklearn/
	venv/lib/python3.12/site-packages/threadpoolctl-3.6.0.dist-info/
	venv/lib/python3.12/site-packages/threadpoolctl.py

no changes added to commit (use "git add" and/or "git commit -a")
Everything up-to-date
âœ… CSV-bestand gegenereerd: /home/larsg/projects/data-workflow/transformed_data/combined.csv
Traceback (most recent call last):
  File "/home/larsg/projects/data-workflow/scripts/analyze_data.py", line 4, in <module>
    import pandas as pd
ModuleNotFoundError: No module named 'pandas'
Traceback (most recent call last):
  File "/home/larsg/projects/data-workflow/scripts/generate_report.py", line 1, in <module>
    import pandas as pd
ModuleNotFoundError: No module named 'pandas'
On branch main
Your branch is up to date with 'origin/main'.

Changes not staged for commit:
  (use "git add <file>..." to update what will be committed)
  (use "git restore <file>..." to discard changes in working directory)
	modified:   logs/cron_test.log
	modified:   scripts/analyze_data.py

Untracked files:
  (use "git add <file>..." to include in what will be committed)
	logs/cron.log
	venv/lib/python3.12/site-packages/__pycache__/threadpoolctl.cpython-312.pyc
	venv/lib/python3.12/site-packages/joblib-1.5.2.dist-info/
	venv/lib/python3.12/site-packages/joblib/
	venv/lib/python3.12/site-packages/scikit_learn-1.7.2.dist-info/
	venv/lib/python3.12/site-packages/scikit_learn.libs/
	venv/lib/python3.12/site-packages/scipy-1.16.3.dist-info/
	venv/lib/python3.12/site-packages/scipy.libs/
	venv/lib/python3.12/site-packages/scipy/
	venv/lib/python3.12/site-packages/sklearn/
	venv/lib/python3.12/site-packages/threadpoolctl-3.6.0.dist-info/
	venv/lib/python3.12/site-packages/threadpoolctl.py

no changes added to commit (use "git add" and/or "git commit -a")
Everything up-to-date
âœ… CSV-bestand gegenereerd: /home/larsg/projects/data-workflow/transformed_data/combined.csv
Traceback (most recent call last):
  File "/home/larsg/projects/data-workflow/scripts/analyze_data.py", line 4, in <module>
    import pandas as pd
ModuleNotFoundError: No module named 'pandas'
Traceback (most recent call last):
  File "/home/larsg/projects/data-workflow/scripts/generate_report.py", line 1, in <module>
    import pandas as pd
ModuleNotFoundError: No module named 'pandas'
On branch main
Your branch is up to date with 'origin/main'.

Changes not staged for commit:
  (use "git add <file>..." to update what will be committed)
  (use "git restore <file>..." to discard changes in working directory)
	modified:   logs/cron_test.log
	modified:   scripts/analyze_data.py

Untracked files:
  (use "git add <file>..." to include in what will be committed)
	logs/cron.log
	venv/lib/python3.12/site-packages/__pycache__/threadpoolctl.cpython-312.pyc
	venv/lib/python3.12/site-packages/joblib-1.5.2.dist-info/
	venv/lib/python3.12/site-packages/joblib/
	venv/lib/python3.12/site-packages/scikit_learn-1.7.2.dist-info/
	venv/lib/python3.12/site-packages/scikit_learn.libs/
	venv/lib/python3.12/site-packages/scipy-1.16.3.dist-info/
	venv/lib/python3.12/site-packages/scipy.libs/
	venv/lib/python3.12/site-packages/scipy/
	venv/lib/python3.12/site-packages/sklearn/
	venv/lib/python3.12/site-packages/threadpoolctl-3.6.0.dist-info/
	venv/lib/python3.12/site-packages/threadpoolctl.py

no changes added to commit (use "git add" and/or "git commit -a")
Everything up-to-date
âœ… CSV-bestand gegenereerd: /home/larsg/projects/data-workflow/transformed_data/combined.csv
ðŸ“Š Gegevens ingelezen:
                   timestamp  temperature  avg_free_bikes
0  2025-11-13T11:00:02+01:00         13.6        0.956443
1  2025-11-13T12:00:03+01:00         14.1        0.952813
2  2025-11-13T14:00:01+01:00         14.1        0.972777
3  2025-11-13T15:00:02+01:00         14.7        0.969203
4  2025-11-13T15:49:51+01:00         14.9        0.974638

ðŸ“ˆ Statistieken:
Gemiddelde temperatuur: 14.38 Â°C
Gemiddeld aantal vrije fietsen: 0.97
Correlatie tussen temperatuur en vrije fietsen: 0.75
Mean Squared Error (MSE): 0.0000

ðŸ“ Grafiek opgeslagen in: /home/larsg/projects/data-workflow/reports/fiets_vs_temp.png
[main 45b1476] Automatische update 2025-11-13 15:50:04
 5 files changed, 6 insertions(+), 3 deletions(-)
 create mode 100644 raw_data/bikes-20251113-155001.json
 create mode 100644 raw_data/weather-20251113-155001.json
To github.com:LarsGeirnaert/hogenttin-linux-2526-LarsGeirnaert.git
   8fe6ad7..45b1476  main -> main
âœ… CSV-bestand gegenereerd: /home/larsg/projects/data-workflow/transformed_data/combined.csv
ðŸ“Š Gegevens ingelezen:
                   timestamp  temperature  avg_free_bikes
0  2025-11-13T11:00:02+01:00         13.6        0.956443
1  2025-11-13T12:00:03+01:00         14.1        0.952813
2  2025-11-13T14:00:01+01:00         14.1        0.972777
3  2025-11-13T15:00:02+01:00         14.7        0.969203
4  2025-11-13T15:49:51+01:00         14.9        0.974638

ðŸ“ˆ Statistieken:
Gemiddelde temperatuur: 14.46 Â°C
Gemiddeld aantal vrije fietsen: 0.97
Correlatie tussen temperatuur en vrije fietsen: 0.78
Mean Squared Error (MSE): 0.0000

ðŸ“ Grafiek opgeslagen in: /home/larsg/projects/data-workflow/reports/fiets_vs_temp.png
[main cd0d390] Automatische update 2025-11-13 15:52:06
 5 files changed, 6 insertions(+), 3 deletions(-)
 create mode 100644 raw_data/bikes-20251113-155201.json
 create mode 100644 raw_data/weather-20251113-155201.json
git@github.com: Permission denied (publickey).
fatal: Could not read from remote repository.

Please make sure you have the correct access rights
and the repository exists.
âœ… CSV-bestand gegenereerd: /home/larsg/projects/data-workflow/transformed_data/combined.csv
ðŸ“Š Gegevens ingelezen:
                   timestamp  temperature  avg_free_bikes
0  2025-11-13T11:00:02+01:00         13.6        0.956443
1  2025-11-13T12:00:03+01:00         14.1        0.952813
2  2025-11-13T14:00:01+01:00         14.1        0.972777
3  2025-11-13T15:00:02+01:00         14.7        0.969203
4  2025-11-13T15:49:51+01:00         14.9        0.974638

ðŸ“ˆ Statistieken:
Gemiddelde temperatuur: 14.51 Â°C
Gemiddeld aantal vrije fietsen: 0.97
Correlatie tussen temperatuur en vrije fietsen: 0.80
Mean Squared Error (MSE): 0.0000

ðŸ“ Grafiek opgeslagen in: /home/larsg/projects/data-workflow/reports/fiets_vs_temp.png
[main 1623ca7] Automatische update 2025-11-13 15:54:05
 5 files changed, 6 insertions(+), 3 deletions(-)
 create mode 100644 raw_data/bikes-20251113-155401.json
 create mode 100644 raw_data/weather-20251113-155401.json
git@github.com: Permission denied (publickey).
fatal: Could not read from remote repository.

Please make sure you have the correct access rights
and the repository exists.
âœ… CSV-bestand gegenereerd: /home/larsg/projects/data-workflow/transformed_data/combined.csv
ðŸ“Š Gegevens ingelezen:
                   timestamp  temperature  avg_free_bikes
0  2025-11-13T11:00:02+01:00         13.6        0.956443
1  2025-11-13T12:00:03+01:00         14.1        0.952813
2  2025-11-13T14:00:01+01:00         14.1        0.972777
3  2025-11-13T15:00:02+01:00         14.7        0.969203
4  2025-11-13T15:49:51+01:00         14.9        0.974638

ðŸ“ˆ Statistieken:
Gemiddelde temperatuur: 14.59 Â°C
Gemiddeld aantal vrije fietsen: 0.97
Correlatie tussen temperatuur en vrije fietsen: 0.82
Mean Squared Error (MSE): 0.0000

ðŸ“ Grafiek opgeslagen in: /home/larsg/projects/data-workflow/reports/fiets_vs_temp.png
[main 417be5c] Automatische update 2025-11-13 15:56:05
 5 files changed, 6 insertions(+), 3 deletions(-)
 create mode 100644 raw_data/bikes-20251113-155601.json
 create mode 100644 raw_data/weather-20251113-155601.json
git@github.com: Permission denied (publickey).
fatal: Could not read from remote repository.

Please make sure you have the correct access rights
and the repository exists.
âœ… CSV-bestand gegenereerd: /home/larsg/projects/data-workflow/transformed_data/combined.csv
ðŸ“Š Gegevens ingelezen:
                   timestamp  temperature  avg_free_bikes
0  2025-11-13T11:00:02+01:00         13.6        0.956443
1  2025-11-13T12:00:03+01:00         14.1        0.952813
2  2025-11-13T14:00:01+01:00         14.1        0.972777
3  2025-11-13T15:00:02+01:00         14.7        0.969203

ðŸ“ˆ Statistieken:
Gemiddelde temperatuur: 14.12 Â°C
Gemiddeld aantal vrije fietsen: 0.96
Correlatie tussen temperatuur en vrije fietsen: 0.54
Mean Squared Error (MSE): 0.0000

ðŸ“ Grafiek opgeslagen in: /home/larsg/projects/data-workflow/reports/fiets_vs_temp.png
[main 17b8d46] Automatische update 2025-11-13 16:00:03
 15 files changed, 4 insertions(+), 22 deletions(-)
 delete mode 100644 raw_data/bikes-20251113-154951.json
 delete mode 100644 raw_data/bikes-20251113-155001.json
 delete mode 100644 raw_data/bikes-20251113-155201.json
 delete mode 100644 raw_data/bikes-20251113-155401.json
 delete mode 100644 raw_data/bikes-20251113-155447.json
 delete mode 100644 raw_data/bikes-20251113-155601.json
 delete mode 100644 raw_data/weather-20251113-154951.json
 delete mode 100644 raw_data/weather-20251113-155001.json
 delete mode 100644 raw_data/weather-20251113-155201.json
 delete mode 100644 raw_data/weather-20251113-155401.json
 delete mode 100644 raw_data/weather-20251113-155447.json
 delete mode 100644 raw_data/weather-20251113-155601.json
git@github.com: Permission denied (publickey).
fatal: Could not read from remote repository.

Please make sure you have the correct access rights
and the repository exists.
âœ… CSV-bestand gegenereerd: /home/larsg/projects/data-workflow/transformed_data/combined.csv
ðŸ“Š Gegevens ingelezen:
                   timestamp  temperature  avg_free_bikes
0  2025-11-13T11:00:02+01:00         13.6        0.956443
1  2025-11-13T12:00:03+01:00         14.1        0.952813
2  2025-11-13T14:00:01+01:00         14.1        0.972777
3  2025-11-13T15:00:02+01:00         14.7        0.969203

ðŸ“ˆ Statistieken:
Gemiddelde temperatuur: 14.12 Â°C
Gemiddeld aantal vrije fietsen: 0.96
Correlatie tussen temperatuur en vrije fietsen: 0.54
Mean Squared Error (MSE): 0.0000

ðŸ“ Grafiek opgeslagen in: /home/larsg/projects/data-workflow/reports/fiets_vs_temp.png
[main a35ee2c] Automatische update 2025-11-13 16:04:04
 1 file changed, 1 insertion(+), 1 deletion(-)
To github.com:LarsGeirnaert/hogenttin-linux-2526-LarsGeirnaert.git
   540aa53..a35ee2c  main -> main
âœ… CSV-bestand gegenereerd: /home/larsg/projects/data-workflow/transformed_data/combined.csv
ðŸ“Š Gegevens ingelezen:
                   timestamp  temperature  avg_free_bikes
0  2025-11-13T11:00:02+01:00         13.6        0.956443
1  2025-11-13T12:00:03+01:00         14.1        0.952813
2  2025-11-13T14:00:01+01:00         14.1        0.972777
3  2025-11-13T15:00:02+01:00         14.7        0.969203

ðŸ“ˆ Statistieken:
Gemiddelde temperatuur: 14.12 Â°C
Gemiddeld aantal vrije fietsen: 0.96
Correlatie tussen temperatuur en vrije fietsen: 0.54
Mean Squared Error (MSE): 0.0000

ðŸ“ Grafiek opgeslagen in: /home/larsg/projects/data-workflow/reports/fiets_vs_temp.png
[main 3bf6dde] Automatische update 2025-11-13 16:05:04
 1 file changed, 1 insertion(+), 1 deletion(-)
To github.com:LarsGeirnaert/hogenttin-linux-2526-LarsGeirnaert.git
   a35ee2c..3bf6dde  main -> main
âœ… CSV-bestand gegenereerd: /home/larsg/projects/data-workflow/transformed_data/combined.csv
ðŸ“Š Gegevens ingelezen:
                   timestamp  temperature  avg_free_bikes
0  2025-11-13T11:00:02+01:00         13.6        0.956443
1  2025-11-13T12:00:03+01:00         14.1        0.952813
2  2025-11-13T14:00:01+01:00         14.1        0.972777
3  2025-11-13T15:00:02+01:00         14.7        0.969203

ðŸ“ˆ Statistieken:
Gemiddelde temperatuur: 14.12 Â°C
Gemiddeld aantal vrije fietsen: 0.96
Correlatie tussen temperatuur en vrije fietsen: 0.54
Mean Squared Error (MSE): 0.0000

ðŸ“ Grafiek opgeslagen in: /home/larsg/projects/data-workflow/reports/fiets_vs_temp.png
[main cd531ba] Automatische update 2025-11-13 16:06:04
 1 file changed, 1 insertion(+), 1 deletion(-)
To github.com:LarsGeirnaert/hogenttin-linux-2526-LarsGeirnaert.git
   3bf6dde..cd531ba  main -> main
âœ… CSV-bestand gegenereerd: /home/larsg/projects/data-workflow/transformed_data/combined.csv
ðŸ“Š Gegevens ingelezen:
                   timestamp  temperature  avg_free_bikes
0  2025-11-13T11:00:02+01:00         13.6        0.956443
1  2025-11-13T12:00:03+01:00         14.1        0.952813
2  2025-11-13T14:00:01+01:00         14.1        0.972777
3  2025-11-13T15:00:02+01:00         14.7        0.969203

ðŸ“ˆ Statistieken:
Gemiddelde temperatuur: 14.12 Â°C
Gemiddeld aantal vrije fietsen: 0.96
Correlatie tussen temperatuur en vrije fietsen: 0.54
Mean Squared Error (MSE): 0.0000

ðŸ“ Grafiek opgeslagen in: /home/larsg/projects/data-workflow/reports/fiets_vs_temp.png
[main 7815ed8] Automatische update 2025-11-13 16:07:04
 1 file changed, 1 insertion(+), 1 deletion(-)
To github.com:LarsGeirnaert/hogenttin-linux-2526-LarsGeirnaert.git
   cd531ba..7815ed8  main -> main
/home/larsg/projects/data-workflow/venv/bin/python: can't open file '/home/larsg/projects/data-workflow/scripts/run_workflow.py': [Errno 2] No such file or directory
/home/larsg/projects/data-workflow/venv/bin/python: can't open file '/home/larsg/projects/data-workflow/scripts/run_workflow.py': [Errno 2] No such file or directory
âœ… CSV-bestand gegenereerd: /home/larsg/projects/data-workflow/transformed_data/combined.csv
ðŸ“Š Gegevens ingelezen:
                   timestamp  temperature  avg_free_bikes
0  2025-11-13T11:00:02+01:00         13.6        0.956443
1  2025-11-13T12:00:03+01:00         14.1        0.952813
2  2025-11-13T14:00:01+01:00         14.1        0.972777
3  2025-11-13T15:00:02+01:00         14.7        0.969203
4  2025-11-13T16:30:02+01:00         14.6        0.990942

ðŸ“ˆ Statistieken:
Gemiddelde temperatuur: 14.22 Â°C
Gemiddeld aantal vrije fietsen: 0.97
Correlatie tussen temperatuur en vrije fietsen: 0.66
Mean Squared Error (MSE): 0.0001

ðŸ“ Grafiek opgeslagen in: /home/larsg/projects/data-workflow/reports/fiets_vs_temp.png
âœ… CSV-bestand gegenereerd: /home/larsg/projects/data-workflow/transformed_data/combined.csv
ðŸ“Š Gegevens ingelezen:
                   timestamp  temperature  avg_free_bikes
0  2025-11-13T11:00:02+01:00         13.6        0.956443
1  2025-11-13T12:00:03+01:00         14.1        0.952813
2  2025-11-13T14:00:01+01:00         14.1        0.972777
3  2025-11-13T15:00:02+01:00         14.7        0.969203
4  2025-11-13T16:30:02+01:00         14.6        0.990942

ðŸ“ˆ Statistieken:
Gemiddelde temperatuur: 14.28 Â°C
Gemiddeld aantal vrije fietsen: 0.97
Correlatie tussen temperatuur en vrije fietsen: 0.71
Mean Squared Error (MSE): 0.0001

ðŸ“ Grafiek opgeslagen in: /home/larsg/projects/data-workflow/reports/fiets_vs_temp.png
âœ… CSV-bestand gegenereerd: /home/larsg/projects/data-workflow/transformed_data/combined.csv
ðŸ“Š Gegevens ingelezen:
                   timestamp  temperature  avg_free_bikes
0  2025-11-13T11:00:02+01:00         13.6        0.956443
1  2025-11-13T12:00:03+01:00         14.1        0.952813
2  2025-11-13T14:00:01+01:00         14.1        0.972777
3  2025-11-13T15:00:02+01:00         14.7        0.969203
4  2025-11-13T16:30:02+01:00         14.6        0.990942

ðŸ“ˆ Statistieken:
Gemiddelde temperatuur: 14.33 Â°C
Gemiddeld aantal vrije fietsen: 0.97
Correlatie tussen temperatuur en vrije fietsen: 0.74
Mean Squared Error (MSE): 0.0001

ðŸ“ Grafiek opgeslagen in: /home/larsg/projects/data-workflow/reports/fiets_vs_temp.png
âœ… CSV-bestand gegenereerd: /home/larsg/projects/data-workflow/transformed_data/combined.csv
ðŸ“Š Gegevens ingelezen:
                   timestamp  temperature  avg_free_bikes
0  2025-11-13T11:00:02+01:00         13.6        0.956443
1  2025-11-13T12:00:03+01:00         14.1        0.952813
2  2025-11-13T14:00:01+01:00         14.1        0.972777
3  2025-11-13T15:00:02+01:00         14.7        0.969203
4  2025-11-13T17:00:01+01:00         14.7        0.996377

ðŸ“ˆ Statistieken:
Gemiddelde temperatuur: 14.24 Â°C
Gemiddeld aantal vrije fietsen: 0.97
Correlatie tussen temperatuur en vrije fietsen: 0.70
Mean Squared Error (MSE): 0.0001

ðŸ“ Grafiek opgeslagen in: /home/larsg/projects/data-workflow/reports/fiets_vs_temp.png
âœ… CSV-bestand gegenereerd: /home/larsg/projects/data-workflow/transformed_data/combined.csv
ðŸ“Š Gegevens ingelezen:
                   timestamp  temperature  avg_free_bikes
0  2025-11-13T11:00:02+01:00         13.6        0.956443
1  2025-11-13T12:00:03+01:00         14.1        0.952813
2  2025-11-13T14:00:01+01:00         14.1        0.972777
3  2025-11-13T15:00:02+01:00         14.7        0.969203
4  2025-11-13T17:00:01+01:00         14.7        0.996377

ðŸ“ˆ Statistieken:
Gemiddelde temperatuur: 14.15 Â°C
Gemiddeld aantal vrije fietsen: 97.3%
Correlatie tussen temperatuur en vrije fietsen: 0.31
Mean Squared Error (MSE): 0.0002

ðŸ“ Grafiek opgeslagen in: /home/larsg/projects/data-workflow/reports/fiets_vs_temp.png
âœ… CSV-bestand gegenereerd: /home/larsg/projects/data-workflow/transformed_data/combined.csv
ðŸ“Š Gegevens ingelezen:
                   timestamp  temperature  avg_free_bikes
0  2025-11-13T11:00:02+01:00         13.6        0.956443
1  2025-11-13T12:00:03+01:00         14.1        0.952813
2  2025-11-13T14:00:01+01:00         14.1        0.972777
3  2025-11-13T15:00:02+01:00         14.7        0.969203
4  2025-11-13T17:00:01+01:00         14.7        0.996377

ðŸ“ˆ Statistieken:
Gemiddelde temperatuur: 14.18 Â°C
Gemiddeld aantal vrije fietsen: 97.3%
Correlatie tussen temperatuur en vrije fietsen: 0.42
Mean Squared Error (MSE): 0.0002

ðŸ“ Grafiek opgeslagen in: /home/larsg/projects/data-workflow/reports/fiets_vs_temp.png
âœ… CSV-bestand gegenereerd: /home/larsg/projects/data-workflow/transformed_data/combined.csv
ðŸ“Š Gegevens ingelezen:
                   timestamp  temperature  avg_free_bikes
0  2025-11-13T11:00:02+01:00         13.6        0.956443
1  2025-11-13T12:00:03+01:00         14.1        0.952813
2  2025-11-13T14:00:01+01:00         14.1        0.972777
3  2025-11-13T15:00:02+01:00         14.7        0.969203
4  2025-11-13T17:00:01+01:00         14.7        0.996377

ðŸ“ˆ Statistieken:
Gemiddelde temperatuur: 14.14 Â°C
Gemiddeld aantal vrije fietsen: 97.5%
Correlatie tussen temperatuur en vrije fietsen: 0.32
Mean Squared Error (MSE): 0.0002

ðŸ“ Grafiek opgeslagen in: /home/larsg/projects/data-workflow/reports/fiets_vs_temp.png
âœ… CSV-bestand gegenereerd: /home/larsg/projects/data-workflow/transformed_data/combined.csv
ðŸ“Š Gegevens ingelezen:
                   timestamp  temperature  avg_free_bikes
0  2025-11-13T11:00:02+01:00         13.6        0.956443
1  2025-11-13T12:00:03+01:00         14.1        0.952813
2  2025-11-13T14:00:01+01:00         14.1        0.972777
3  2025-11-13T15:00:02+01:00         14.7        0.969203
4  2025-11-13T17:00:01+01:00         14.7        0.996377

ðŸ“ˆ Statistieken:
Gemiddelde temperatuur: 14.11 Â°C
Gemiddeld aantal vrije fietsen: 97.6%
Correlatie tussen temperatuur en vrije fietsen: 0.26
Mean Squared Error (MSE): 0.0002

ðŸ“ Grafiek opgeslagen in: /home/larsg/projects/data-workflow/reports/fiets_vs_temp.png
âœ… CSV-bestand gegenereerd: /home/larsg/projects/data-workflow/transformed_data/combined.csv
ðŸ“Š Gegevens ingelezen:
                   timestamp  temperature  avg_free_bikes
0  2025-11-13T11:00:02+01:00         13.6        0.956443
1  2025-11-13T12:00:03+01:00         14.1        0.952813
2  2025-11-13T14:00:01+01:00         14.1        0.972777
3  2025-11-13T15:00:02+01:00         14.7        0.969203
4  2025-11-13T17:00:01+01:00         14.7        0.996377

ðŸ“ˆ Statistieken:
Gemiddelde temperatuur: 14.18 Â°C
Gemiddeld aantal vrije fietsen: 97.1%
Correlatie tussen temperatuur en vrije fietsen: 0.58
Mean Squared Error (MSE): 0.0001

ðŸ“ Grafiek opgeslagen in: /home/larsg/projects/data-workflow/reports/fiets_vs_temp.png
âœ… CSV-bestand gegenereerd: /home/larsg/projects/data-workflow/transformed_data/combined.csv
ðŸ“Š Gegevens ingelezen:
                   timestamp  temperature  avg_free_bikes
0  2025-11-13T11:00:02+01:00         13.6        0.956443
1  2025-11-13T12:00:03+01:00         14.1        0.952813
2  2025-11-13T14:00:01+01:00         14.1        0.972777
3  2025-11-13T15:00:02+01:00         14.7        0.969203
4  2025-11-13T17:00:01+01:00         14.7        0.996377

ðŸ“ˆ Statistieken:
Gemiddelde temperatuur: 14.18 Â°C
Gemiddeld aantal vrije fietsen: 97.1%
Correlatie tussen temperatuur en vrije fietsen: 0.58
Mean Squared Error (MSE): 0.0001

ðŸ“ Grafiek opgeslagen in: /home/larsg/projects/data-workflow/reports/fiets_vs_temp.png
[main 05aa96a] Automatische update 2025-11-14 14:00:04
 2 files changed, 17 insertions(+), 1 deletion(-)
To github.com:LarsGeirnaert/hogenttin-linux-2526-LarsGeirnaert.git
   ae086bf..05aa96a  main -> main
âœ… CSV-bestand gegenereerd: /home/larsg/projects/data-workflow/transformed_data/combined.csv
ðŸ“Š Gegevens ingelezen:
                   timestamp  temperature  avg_free_bikes
0  2025-11-13T11:00:02+01:00         13.6        0.956443
1  2025-11-13T12:00:03+01:00         14.1        0.952813
2  2025-11-13T14:00:01+01:00         14.1        0.972777
3  2025-11-13T15:00:02+01:00         14.7        0.969203
4  2025-11-13T17:00:01+01:00         14.7        0.996377

ðŸ“ˆ Statistieken:
Gemiddelde temperatuur: 14.18 Â°C
Gemiddeld aantal vrije fietsen: 97.1%
Correlatie tussen temperatuur en vrije fietsen: 0.58
Mean Squared Error (MSE): 0.0001

ðŸ“ Grafiek opgeslagen in: /home/larsg/projects/data-workflow/reports/fiets_vs_temp.png
[main 547ee6e] Automatische update 2025-11-14 14:05:04
 2 files changed, 17 insertions(+), 1 deletion(-)
To github.com:LarsGeirnaert/hogenttin-linux-2526-LarsGeirnaert.git
   798aa0d..547ee6e  main -> main
âœ… CSV-bestand gegenereerd: /home/larsg/projects/data-workflow/transformed_data/combined.csv
ðŸ“Š Gegevens ingelezen:
                   timestamp  temperature  avg_free_bikes
0  2025-11-13T11:00:02+01:00         13.6        0.956443
1  2025-11-13T12:00:03+01:00         14.1        0.952813
2  2025-11-13T14:00:01+01:00         14.1        0.972777
3  2025-11-13T15:00:02+01:00         14.7        0.969203
4  2025-11-13T17:00:01+01:00         14.7        0.996377

ðŸ“ˆ Statistieken:
Gemiddelde temperatuur: 14.14 Â°C
Gemiddeld aantal vrije fietsen: 97.4%
Correlatie tussen temperatuur en vrije fietsen: 0.39
Mean Squared Error (MSE): 0.0002

ðŸ“ Grafiek opgeslagen in: /home/larsg/projects/data-workflow/reports/fiets_vs_temp.png
[main ad4051f] Automatische update 2025-11-14 14:10:08
 4 files changed, 20 insertions(+), 4 deletions(-)
To github.com:LarsGeirnaert/hogenttin-linux-2526-LarsGeirnaert.git
   96435ba..ad4051f  main -> main
âœ… CSV-bestand gegenereerd: /home/larsg/projects/data-workflow/transformed_data/combined.csv
ðŸ“Š Gegevens ingelezen:
                   timestamp  temperature  avg_free_bikes
0  2025-11-13T11:00:02+01:00         13.6        0.956443
1  2025-11-13T12:00:03+01:00         14.1        0.952813
2  2025-11-13T14:00:01+01:00         14.1        0.972777
3  2025-11-13T15:00:02+01:00         14.7        0.969203
4  2025-11-13T17:00:01+01:00         14.7        0.996377

ðŸ“ˆ Statistieken:
Gemiddelde temperatuur: 14.11 Â°C
Gemiddeld aantal vrije fietsen: 97.6%
Correlatie tussen temperatuur en vrije fietsen: 0.28
Mean Squared Error (MSE): 0.0002

ðŸ“ Grafiek opgeslagen in: /home/larsg/projects/data-workflow/reports/fiets_vs_temp.png
[main f742fd3] Automatische update 2025-11-14 14:15:07
 4 files changed, 25 insertions(+), 4 deletions(-)
To github.com:LarsGeirnaert/hogenttin-linux-2526-LarsGeirnaert.git
   ad4051f..f742fd3  main -> main
âœ… CSV-bestand gegenereerd: /home/larsg/projects/data-workflow/transformed_data/combined.csv
ðŸ“Š Gegevens ingelezen:
                   timestamp  temperature  total_free_bikes
0  2025-11-13T11:00:02+01:00         13.6               527
1  2025-11-13T12:00:03+01:00         14.1               525
2  2025-11-13T14:00:01+01:00         14.1               536
3  2025-11-13T15:00:02+01:00         14.7               535
4  2025-11-13T17:00:01+01:00         14.7               550
Traceback (most recent call last):
  File "/home/larsg/projects/data-workflow/venv/lib/python3.12/site-packages/pandas/core/indexes/base.py", line 3812, in get_loc
    return self._engine.get_loc(casted_key)
           ^^^^^^^^^^^^^^^^^^^^^^^^^^^^^^^^
  File "pandas/_libs/index.pyx", line 167, in pandas._libs.index.IndexEngine.get_loc
  File "pandas/_libs/index.pyx", line 196, in pandas._libs.index.IndexEngine.get_loc
  File "pandas/_libs/hashtable_class_helper.pxi", line 7088, in pandas._libs.hashtable.PyObjectHashTable.get_item
  File "pandas/_libs/hashtable_class_helper.pxi", line 7096, in pandas._libs.hashtable.PyObjectHashTable.get_item
KeyError: 'avg_free_bikes'

The above exception was the direct cause of the following exception:

Traceback (most recent call last):
  File "/home/larsg/projects/data-workflow/scripts/analyze_data.py", line 24, in <module>
    mean_bikes = df["avg_free_bikes"].mean() * 100  # nu in %
                 ~~^^^^^^^^^^^^^^^^^^
  File "/home/larsg/projects/data-workflow/venv/lib/python3.12/site-packages/pandas/core/frame.py", line 4113, in __getitem__
    indexer = self.columns.get_loc(key)
              ^^^^^^^^^^^^^^^^^^^^^^^^^
  File "/home/larsg/projects/data-workflow/venv/lib/python3.12/site-packages/pandas/core/indexes/base.py", line 3819, in get_loc
    raise KeyError(key) from err
KeyError: 'avg_free_bikes'
Traceback (most recent call last):
  File "/home/larsg/projects/data-workflow/venv/lib/python3.12/site-packages/pandas/core/indexes/base.py", line 3812, in get_loc
    return self._engine.get_loc(casted_key)
           ^^^^^^^^^^^^^^^^^^^^^^^^^^^^^^^^
  File "pandas/_libs/index.pyx", line 167, in pandas._libs.index.IndexEngine.get_loc
  File "pandas/_libs/index.pyx", line 196, in pandas._libs.index.IndexEngine.get_loc
  File "pandas/_libs/hashtable_class_helper.pxi", line 7088, in pandas._libs.hashtable.PyObjectHashTable.get_item
  File "pandas/_libs/hashtable_class_helper.pxi", line 7096, in pandas._libs.hashtable.PyObjectHashTable.get_item
KeyError: 'avg_free_bikes'

The above exception was the direct cause of the following exception:

Traceback (most recent call last):
  File "/home/larsg/projects/data-workflow/scripts/generate_report.py", line 13, in <module>
    avg_bikes = df['avg_free_bikes'].mean()
                ~~^^^^^^^^^^^^^^^^^^
  File "/home/larsg/projects/data-workflow/venv/lib/python3.12/site-packages/pandas/core/frame.py", line 4113, in __getitem__
    indexer = self.columns.get_loc(key)
              ^^^^^^^^^^^^^^^^^^^^^^^^^
  File "/home/larsg/projects/data-workflow/venv/lib/python3.12/site-packages/pandas/core/indexes/base.py", line 3819, in get_loc
    raise KeyError(key) from err
KeyError: 'avg_free_bikes'
[main 27fb3e1] Automatische update 2025-11-14 14:26:08
 3 files changed, 70 insertions(+), 13 deletions(-)
To github.com:LarsGeirnaert/hogenttin-linux-2526-LarsGeirnaert.git
   f742fd3..27fb3e1  main -> main
âœ… CSV-bestand gegenereerd: /home/larsg/projects/data-workflow/transformed_data/combined.csv
ðŸ“Š Gegevens ingelezen:
                   timestamp  temperature  total_free_bikes
0  2025-11-13T11:00:02+01:00         13.6               527
1  2025-11-13T12:00:03+01:00         14.1               525
2  2025-11-13T14:00:01+01:00         14.1               536
3  2025-11-13T15:00:02+01:00         14.7               535
4  2025-11-13T17:00:01+01:00         14.7               550
Traceback (most recent call last):
  File "/home/larsg/projects/data-workflow/venv/lib/python3.12/site-packages/pandas/core/indexes/base.py", line 3812, in get_loc
    return self._engine.get_loc(casted_key)
           ^^^^^^^^^^^^^^^^^^^^^^^^^^^^^^^^
  File "pandas/_libs/index.pyx", line 167, in pandas._libs.index.IndexEngine.get_loc
  File "pandas/_libs/index.pyx", line 196, in pandas._libs.index.IndexEngine.get_loc
  File "pandas/_libs/hashtable_class_helper.pxi", line 7088, in pandas._libs.hashtable.PyObjectHashTable.get_item
  File "pandas/_libs/hashtable_class_helper.pxi", line 7096, in pandas._libs.hashtable.PyObjectHashTable.get_item
KeyError: 'avg_free_bikes'

The above exception was the direct cause of the following exception:

Traceback (most recent call last):
  File "/home/larsg/projects/data-workflow/scripts/analyze_data.py", line 24, in <module>
    mean_bikes = df["avg_free_bikes"].mean() * 100  # nu in %
                 ~~^^^^^^^^^^^^^^^^^^
  File "/home/larsg/projects/data-workflow/venv/lib/python3.12/site-packages/pandas/core/frame.py", line 4113, in __getitem__
    indexer = self.columns.get_loc(key)
              ^^^^^^^^^^^^^^^^^^^^^^^^^
  File "/home/larsg/projects/data-workflow/venv/lib/python3.12/site-packages/pandas/core/indexes/base.py", line 3819, in get_loc
    raise KeyError(key) from err
KeyError: 'avg_free_bikes'
Traceback (most recent call last):
  File "/home/larsg/projects/data-workflow/venv/lib/python3.12/site-packages/pandas/core/indexes/base.py", line 3812, in get_loc
    return self._engine.get_loc(casted_key)
           ^^^^^^^^^^^^^^^^^^^^^^^^^^^^^^^^
  File "pandas/_libs/index.pyx", line 167, in pandas._libs.index.IndexEngine.get_loc
  File "pandas/_libs/index.pyx", line 196, in pandas._libs.index.IndexEngine.get_loc
  File "pandas/_libs/hashtable_class_helper.pxi", line 7088, in pandas._libs.hashtable.PyObjectHashTable.get_item
  File "pandas/_libs/hashtable_class_helper.pxi", line 7096, in pandas._libs.hashtable.PyObjectHashTable.get_item
KeyError: 'avg_free_bikes'

The above exception was the direct cause of the following exception:

Traceback (most recent call last):
  File "/home/larsg/projects/data-workflow/scripts/generate_report.py", line 13, in <module>
    avg_bikes = df['avg_free_bikes'].mean()
                ~~^^^^^^^^^^^^^^^^^^
  File "/home/larsg/projects/data-workflow/venv/lib/python3.12/site-packages/pandas/core/frame.py", line 4113, in __getitem__
    indexer = self.columns.get_loc(key)
              ^^^^^^^^^^^^^^^^^^^^^^^^^
  File "/home/larsg/projects/data-workflow/venv/lib/python3.12/site-packages/pandas/core/indexes/base.py", line 3819, in get_loc
    raise KeyError(key) from err
KeyError: 'avg_free_bikes'
[main f538d7e] Automatische update 2025-11-14 14:28:08
 2 files changed, 57 insertions(+)
To github.com:LarsGeirnaert/hogenttin-linux-2526-LarsGeirnaert.git
   27fb3e1..f538d7e  main -> main
âœ… CSV-bestand gegenereerd: /home/larsg/projects/data-workflow/transformed_data/combined.csv
ðŸ“Š Gegevens ingelezen:
                   timestamp  temperature  total_free_bikes
0  2025-11-13T11:00:02+01:00         13.6               527
1  2025-11-13T12:00:03+01:00         14.1               525
2  2025-11-13T14:00:01+01:00         14.1               536
3  2025-11-13T15:00:02+01:00         14.7               535
4  2025-11-13T17:00:01+01:00         14.7               550
Traceback (most recent call last):
  File "/home/larsg/projects/data-workflow/venv/lib/python3.12/site-packages/pandas/core/indexes/base.py", line 3812, in get_loc
    return self._engine.get_loc(casted_key)
           ^^^^^^^^^^^^^^^^^^^^^^^^^^^^^^^^
  File "pandas/_libs/index.pyx", line 167, in pandas._libs.index.IndexEngine.get_loc
  File "pandas/_libs/index.pyx", line 196, in pandas._libs.index.IndexEngine.get_loc
  File "pandas/_libs/hashtable_class_helper.pxi", line 7088, in pandas._libs.hashtable.PyObjectHashTable.get_item
  File "pandas/_libs/hashtable_class_helper.pxi", line 7096, in pandas._libs.hashtable.PyObjectHashTable.get_item
KeyError: 'avg_free_bikes'

The above exception was the direct cause of the following exception:

Traceback (most recent call last):
  File "/home/larsg/projects/data-workflow/scripts/analyze_data.py", line 24, in <module>
    mean_bikes = df["avg_free_bikes"].mean() * 100  # nu in %
                 ~~^^^^^^^^^^^^^^^^^^
  File "/home/larsg/projects/data-workflow/venv/lib/python3.12/site-packages/pandas/core/frame.py", line 4113, in __getitem__
    indexer = self.columns.get_loc(key)
              ^^^^^^^^^^^^^^^^^^^^^^^^^
  File "/home/larsg/projects/data-workflow/venv/lib/python3.12/site-packages/pandas/core/indexes/base.py", line 3819, in get_loc
    raise KeyError(key) from err
KeyError: 'avg_free_bikes'
Traceback (most recent call last):
  File "/home/larsg/projects/data-workflow/venv/lib/python3.12/site-packages/pandas/core/indexes/base.py", line 3812, in get_loc
    return self._engine.get_loc(casted_key)
           ^^^^^^^^^^^^^^^^^^^^^^^^^^^^^^^^
  File "pandas/_libs/index.pyx", line 167, in pandas._libs.index.IndexEngine.get_loc
  File "pandas/_libs/index.pyx", line 196, in pandas._libs.index.IndexEngine.get_loc
  File "pandas/_libs/hashtable_class_helper.pxi", line 7088, in pandas._libs.hashtable.PyObjectHashTable.get_item
  File "pandas/_libs/hashtable_class_helper.pxi", line 7096, in pandas._libs.hashtable.PyObjectHashTable.get_item
KeyError: 'avg_free_bikes'

The above exception was the direct cause of the following exception:

Traceback (most recent call last):
  File "/home/larsg/projects/data-workflow/scripts/generate_report.py", line 13, in <module>
    avg_bikes = df['avg_free_bikes'].mean()
                ~~^^^^^^^^^^^^^^^^^^
  File "/home/larsg/projects/data-workflow/venv/lib/python3.12/site-packages/pandas/core/frame.py", line 4113, in __getitem__
    indexer = self.columns.get_loc(key)
              ^^^^^^^^^^^^^^^^^^^^^^^^^
  File "/home/larsg/projects/data-workflow/venv/lib/python3.12/site-packages/pandas/core/indexes/base.py", line 3819, in get_loc
    raise KeyError(key) from err
KeyError: 'avg_free_bikes'
[main 3c320e5] Automatische update 2025-11-14 14:30:08
 4 files changed, 58 insertions(+), 1 deletion(-)
 create mode 100644 scripts/.generate_report.py.swp
To github.com:LarsGeirnaert/hogenttin-linux-2526-LarsGeirnaert.git
   f538d7e..3c320e5  main -> main
âœ… CSV-bestand gegenereerd: /home/larsg/projects/data-workflow/transformed_data/combined.csv
ðŸ“Š Gegevens ingelezen:
                   timestamp  temperature  total_free_bikes
0  2025-11-13T11:00:02+01:00         13.6               527
1  2025-11-13T12:00:03+01:00         14.1               525
2  2025-11-13T14:00:01+01:00         14.1               536
3  2025-11-13T15:00:02+01:00         14.7               535
4  2025-11-13T17:00:01+01:00         14.7               550

ðŸ“ˆ Statistieken:
Gemiddelde temperatuur: 14.04 Â°C
Gemiddeld aantal vrije fietsen: 539.6%
Correlatie tussen temperatuur en vrije fietsen: 0.17
Traceback (most recent call last):
  File "/home/larsg/projects/data-workflow/venv/lib/python3.12/site-packages/pandas/core/indexes/base.py", line 3812, in get_loc
    return self._engine.get_loc(casted_key)
           ^^^^^^^^^^^^^^^^^^^^^^^^^^^^^^^^
  File "pandas/_libs/index.pyx", line 167, in pandas._libs.index.IndexEngine.get_loc
  File "pandas/_libs/index.pyx", line 196, in pandas._libs.index.IndexEngine.get_loc
  File "pandas/_libs/hashtable_class_helper.pxi", line 7088, in pandas._libs.hashtable.PyObjectHashTable.get_item
  File "pandas/_libs/hashtable_class_helper.pxi", line 7096, in pandas._libs.hashtable.PyObjectHashTable.get_item
KeyError: 'avg_free_bikes'

The above exception was the direct cause of the following exception:

Traceback (most recent call last):
  File "/home/larsg/projects/data-workflow/scripts/analyze_data.py", line 36, in <module>
    y = df["avg_free_bikes"].values
        ~~^^^^^^^^^^^^^^^^^^
  File "/home/larsg/projects/data-workflow/venv/lib/python3.12/site-packages/pandas/core/frame.py", line 4113, in __getitem__
    indexer = self.columns.get_loc(key)
              ^^^^^^^^^^^^^^^^^^^^^^^^^
  File "/home/larsg/projects/data-workflow/venv/lib/python3.12/site-packages/pandas/core/indexes/base.py", line 3819, in get_loc
    raise KeyError(key) from err
KeyError: 'avg_free_bikes'
Traceback (most recent call last):
  File "/home/larsg/projects/data-workflow/venv/lib/python3.12/site-packages/pandas/core/indexes/base.py", line 3812, in get_loc
    return self._engine.get_loc(casted_key)
           ^^^^^^^^^^^^^^^^^^^^^^^^^^^^^^^^
  File "pandas/_libs/index.pyx", line 167, in pandas._libs.index.IndexEngine.get_loc
  File "pandas/_libs/index.pyx", line 196, in pandas._libs.index.IndexEngine.get_loc
  File "pandas/_libs/hashtable_class_helper.pxi", line 7088, in pandas._libs.hashtable.PyObjectHashTable.get_item
  File "pandas/_libs/hashtable_class_helper.pxi", line 7096, in pandas._libs.hashtable.PyObjectHashTable.get_item
KeyError: 'avg_free_bikes'

The above exception was the direct cause of the following exception:

Traceback (most recent call last):
  File "/home/larsg/projects/data-workflow/scripts/generate_report.py", line 13, in <module>
    avg_bikes = df['avg_free_bikes'].mean()
                ~~^^^^^^^^^^^^^^^^^^
  File "/home/larsg/projects/data-workflow/venv/lib/python3.12/site-packages/pandas/core/frame.py", line 4113, in __getitem__
    indexer = self.columns.get_loc(key)
              ^^^^^^^^^^^^^^^^^^^^^^^^^
  File "/home/larsg/projects/data-workflow/venv/lib/python3.12/site-packages/pandas/core/indexes/base.py", line 3819, in get_loc
    raise KeyError(key) from err
KeyError: 'avg_free_bikes'
[main 849ea4f] Automatische update 2025-11-14 14:32:07
 4 files changed, 60 insertions(+), 1 deletion(-)
 create mode 100644 scripts/.generate_report.py.swp
To github.com:LarsGeirnaert/hogenttin-linux-2526-LarsGeirnaert.git
   cdd1b17..849ea4f  main -> main
âœ… CSV-bestand gegenereerd: /home/larsg/projects/data-workflow/transformed_data/combined.csv
ðŸ“Š Gegevens ingelezen:
                   timestamp  temperature  total_free_bikes
0  2025-11-13T11:00:02+01:00         13.6               527
1  2025-11-13T12:00:03+01:00         14.1               525
2  2025-11-13T14:00:01+01:00         14.1               536
3  2025-11-13T15:00:02+01:00         14.7               535
4  2025-11-13T17:00:01+01:00         14.7               550

ðŸ“ˆ Statistieken:
Gemiddelde temperatuur: 14.02 Â°C
Gemiddeld aantal vrije fietsen: 539.8%
Correlatie tussen temperatuur en vrije fietsen: 0.16
Traceback (most recent call last):
  File "/home/larsg/projects/data-workflow/venv/lib/python3.12/site-packages/pandas/core/indexes/base.py", line 3812, in get_loc
    return self._engine.get_loc(casted_key)
           ^^^^^^^^^^^^^^^^^^^^^^^^^^^^^^^^
  File "pandas/_libs/index.pyx", line 167, in pandas._libs.index.IndexEngine.get_loc
  File "pandas/_libs/index.pyx", line 196, in pandas._libs.index.IndexEngine.get_loc
  File "pandas/_libs/hashtable_class_helper.pxi", line 7088, in pandas._libs.hashtable.PyObjectHashTable.get_item
  File "pandas/_libs/hashtable_class_helper.pxi", line 7096, in pandas._libs.hashtable.PyObjectHashTable.get_item
KeyError: 'avg_free_bikes'

The above exception was the direct cause of the following exception:

Traceback (most recent call last):
  File "/home/larsg/projects/data-workflow/scripts/analyze_data.py", line 36, in <module>
    y = df["avg_free_bikes"].values
        ~~^^^^^^^^^^^^^^^^^^
  File "/home/larsg/projects/data-workflow/venv/lib/python3.12/site-packages/pandas/core/frame.py", line 4113, in __getitem__
    indexer = self.columns.get_loc(key)
              ^^^^^^^^^^^^^^^^^^^^^^^^^
  File "/home/larsg/projects/data-workflow/venv/lib/python3.12/site-packages/pandas/core/indexes/base.py", line 3819, in get_loc
    raise KeyError(key) from err
KeyError: 'avg_free_bikes'
[main 93ea45b] Automatische update 2025-11-14 14:34:06
 4 files changed, 39 insertions(+), 3 deletions(-)
 create mode 100644 scripts/.analyze_data.py.swp
To github.com:LarsGeirnaert/hogenttin-linux-2526-LarsGeirnaert.git
   116bf8e..93ea45b  main -> main
âœ… CSV-bestand gegenereerd: /home/larsg/projects/data-workflow/transformed_data/combined.csv
